TN:__s21_program_test_with_gcov
SF:/Library/Developer/CommandLineTools/SDKs/MacOSX.sdk/usr/include/math.h
FN:209,210,__inline_isnanf
FN:212,213,__inline_isnand
FN:215,216,__inline_isnanl
FNDA:4,__inline_isnanf
FNDA:0,__inline_isnand
FNDA:0,__inline_isnanl
FNF:3
FNH:1
DA:209,4
DA:210,4
DA:212,0
DA:213,0
DA:215,0
DA:216,0
LF:6
LH:2
end_of_record
TN:__s21_program_test_with_gcov
SF:/Users/valerasomov/PROGRAMMING/school21/01_С/C2_s21_stringplus-3/src/s21_sprintf.c
FN:10,80,s21_sprintf
FN:1005,1055,double_add_text_g_reduction
FN:1057,1106,double_up_half_g_reduction
FN:1108,1146,decomposicion_g_reduction_part2
FN:1148,1173,rounding_up
FN:1175,1190,remove_zero_for_g_reduction
FN:134,185,get_flags
FN:188,214,get_widht
FN:217,249,get_precision
FN:252,275,get_lenght
FN:278,303,text_to_number
FN:306,317,flag_to_null
FN:319,342,s21_int
FN:344,374,precision_apply
FN:376,426,flags_apply
FN:428,444,s21_char
FN:446,470,format_char_long
FN:472,489,format_char
FN:491,504,s21_float
FN:506,552,double_add_text
FN:554,599,double_up_half
FN:601,632,s21_string
FN:634,674,s21_unsigned
FN:676,695,s21_science_notation
FN:697,717,find_pow_and_sign
FN:719,735,e_notation
FN:737,786,s21_hex
FN:788,837,s21_hex_half
FN:83,92,parsing_all
FN:839,877,s21_pointer
FN:879,921,flags_apply_pointer
FN:923,979,s21_g_reduction
FN:95,119,switch_specificator_sprintf
FN:981,1003,decomposicion_g_reduction_part1
FNDA:474,s21_sprintf
FNDA:69,double_add_text_g_reduction
FNDA:69,double_up_half_g_reduction
FNDA:73,decomposicion_g_reduction_part2
FNDA:30,rounding_up
FNDA:142,remove_zero_for_g_reduction
FNDA:597,get_flags
FNDA:599,get_widht
FNDA:593,get_precision
FNDA:219,get_lenght
FNDA:2312,text_to_number
FNDA:1278,flag_to_null
FNDA:196,s21_int
FNDA:578,precision_apply
FNDA:1134,flags_apply
FNDA:67,s21_char
FNDA:0,format_char_long
FNDA:67,format_char
FNDA:176,s21_float
FNDA:394,double_add_text
FNDA:394,double_up_half
FNDA:93,s21_string
FNDA:103,s21_unsigned
FNDA:145,s21_science_notation
FNDA:287,find_pow_and_sign
FNDA:214,e_notation
FNDA:189,s21_hex
FNDA:90,s21_hex_half
FNDA:1278,parsing_all
FNDA:71,s21_pointer
FNDA:71,flags_apply_pointer
FNDA:142,s21_g_reduction
FNDA:1278,switch_specificator_sprintf
FNDA:69,decomposicion_g_reduction_part1
FNF:34
FNH:33
DA:10,474
DA:14,474
DA:21,474
DA:22,474
DA:23,474
DA:24,7139
DA:25,6665
DA:28,5387
DA:29,5387
DA:30,5387
DA:31,5387
DA:33,1278
DA:35,1278
DA:36,1278
DA:37,1278
DA:55,1278
DA:56,1278
DA:58,1278
DA:59,1278
DA:60,67
DA:61,8
DA:62,1
DA:64,7
DA:65,8
DA:66,1270
DA:67,1278
DA:71,1278
DA:72,1
DA:73,1
DA:74,1
DA:75,1278
DA:77,474
DA:78,474
DA:79,474
DA:80,474
DA:83,1278
DA:84,1278
DA:85,786
DA:86,597
DA:87,1278
DA:88,599
DA:89,1278
DA:90,1278
DA:91,219
DA:92,1278
DA:95,1278
DA:97,1278
DA:98,196
DA:99,1082
DA:100,67
DA:101,1015
DA:102,176
DA:103,839
DA:104,93
DA:105,746
DA:106,103
DA:107,643
DA:108,5
DA:109,638
DA:110,142
DA:111,496
DA:112,145
DA:113,351
DA:114,189
DA:115,162
DA:116,90
DA:117,72
DA:118,71
DA:119,1278
DA:134,597
DA:161,1369
DA:162,750
DA:164,772
DA:166,191
DA:167,191
DA:168,191
DA:170,131
DA:171,131
DA:172,131
DA:174,179
DA:175,179
DA:177,153
DA:178,153
DA:180,118
DA:181,118
DA:183,772
DA:185,597
DA:188,599
DA:201,599
DA:203,42
DA:204,42
DA:205,599
DA:207,557
DA:208,1454
DA:209,897
DA:210,897
DA:211,897
DA:212,557
DA:213,557
DA:214,599
DA:217,593
DA:232,593
DA:233,593
DA:235,593
DA:237,25
DA:238,25
DA:239,25
DA:241,593
DA:242,382
DA:243,861
DA:244,479
DA:245,479
DA:246,479
DA:247,382
DA:248,382
DA:249,593
DA:252,219
DA:263,219
DA:265,31
DA:266,31
DA:268,53
DA:269,53
DA:271,135
DA:272,135
DA:274,219
DA:275,219
DA:278,2312
DA:279,2312
DA:280,2312
DA:281,2312
DA:282,78
DA:283,78
DA:284,78
DA:286,5737
DA:287,3434
DA:290,3434
DA:291,7
DA:292,7
DA:293,3434
DA:294,2
DA:295,2
DA:296,2
DA:297,3434
DA:298,3425
DA:299,3425
DA:301,2312
DA:303,2312
DA:306,1278
DA:307,1278
DA:308,1278
DA:309,1278
DA:310,1278
DA:311,1278
DA:312,1278
DA:313,1278
DA:314,1278
DA:315,1278
DA:316,1278
DA:317,1278
DA:319,196
DA:333,196
DA:336,196
DA:337,196
DA:339,196
DA:340,196
DA:341,196
DA:342,196
DA:344,578
DA:346,578
DA:349,205
DA:350,205
DA:351,205
DA:352,205
DA:353,46
DA:354,46
DA:355,46
DA:356,46
DA:358,205
DA:359,808
DA:360,740
DA:361,463
DA:363,277
DA:364,277
DA:366,740
DA:367,68
DA:368,68
DA:369,68
DA:370,205
DA:371,578
DA:372,22
DA:373,20
DA:374,578
DA:376,1134
DA:378,1134
DA:379,1188
DA:380,72
DA:381,64
DA:382,54
DA:383,44
DA:386,44
DA:387,0
DA:389,44
DA:390,44
DA:391,1186
DA:392,62
DA:393,53
DA:394,52
DA:397,43
DA:398,43
DA:399,0
DA:401,43
DA:402,43
DA:403,43
DA:404,1134
DA:405,343
DA:407,343
DA:408,234
DA:410,50
DA:411,34
DA:412,34
DA:413,34
DA:414,34
DA:415,746
DA:416,50
DA:417,2638
DA:419,234
DA:420,234
DA:421,109
DA:422,109
DA:424,343
DA:425,343
DA:426,1134
DA:428,67
DA:431,67
DA:432,0
DA:433,0
DA:435,0
DA:436,0
DA:438,67
DA:439,67
DA:441,67
DA:442,67
DA:444,67
DA:446,0
DA:447,0
DA:449,0
DA:450,0
DA:460,0
DA:461,0
DA:462,0
DA:463,0
DA:465,0
DA:466,0
DA:467,0
DA:470,0
DA:472,67
DA:473,67
DA:475,600
DA:476,588
DA:477,348
DA:479,240
DA:481,588
DA:482,588
DA:483,67
DA:484,17
DA:485,815
DA:486,17
DA:487,38
DA:489,67
DA:491,176
DA:494,176
DA:495,176
DA:496,82
DA:498,94
DA:500,176
DA:502,176
DA:503,176
DA:504,176
DA:506,394
DA:508,394
DA:509,394
DA:512,636
DA:513,318
DA:516,318
DA:517,318
DA:518,2537
DA:519,2219
DA:520,2219
DA:521,2219
DA:522,2219
DA:523,2219
DA:524,2219
DA:525,318
DA:528,318
DA:529,109
DA:530,436
DA:531,109
DA:532,106
DA:533,106
DA:534,109
DA:536,109
DA:537,109
DA:538,3
DA:539,3
DA:540,3
DA:541,3
DA:542,3
DA:543,3
DA:544,106
DA:545,109
DA:546,0
DA:547,0
DA:548,0
DA:550,109
DA:551,109
DA:552,394
DA:554,394
DA:558,394
DA:559,200
DA:560,200
DA:561,200
DA:562,200
DA:563,200
DA:564,394
DA:565,53
DA:566,53
DA:567,394
DA:568,394
DA:569,37
DA:570,37
DA:571,37
DA:572,20
DA:573,20
DA:574,14
DA:575,0
DA:576,20
DA:577,37
DA:578,1942
DA:579,1548
DA:580,1548
DA:581,1548
DA:583,394
DA:584,2373
DA:585,1979
DA:586,394
DA:588,1585
DA:589,1979
DA:590,394
DA:593,394
DA:594,76
DA:595,76
DA:597,318
DA:598,318
DA:599,394
DA:601,93
DA:602,93
DA:603,6
DA:613,6
DA:614,6
DA:615,87
DA:616,87
DA:617,77
DA:620,10
DA:629,93
DA:630,93
DA:632,93
DA:634,103
DA:647,103
DA:649,103
DA:650,103
DA:651,103
DA:654,103
DA:655,103
DA:656,103
DA:657,20
DA:658,20
DA:659,20
DA:660,472
DA:661,369
DA:662,369
DA:663,369
DA:665,103
DA:666,492
DA:667,389
DA:668,389
DA:669,389
DA:672,103
DA:673,103
DA:674,103
DA:676,145
DA:679,145
DA:680,145
DA:681,21
DA:683,124
DA:685,145
DA:689,145
DA:690,145
DA:691,145
DA:692,145
DA:693,145
DA:694,145
DA:695,145
DA:697,287
DA:698,287
DA:699,287
DA:700,287
DA:703,287
DA:704,2826
DA:705,2618
DA:706,2618
DA:707,2618
DA:709,208
DA:711,287
DA:712,320
DA:713,258
DA:714,258
DA:716,62
DA:717,287
DA:719,214
DA:721,214
DA:722,214
DA:723,214
DA:724,214
DA:725,214
DA:726,214
DA:727,133
DA:728,133
DA:729,133
DA:730,81
DA:731,81
DA:732,81
DA:734,214
DA:735,214
DA:737,189
DA:749,189
DA:750,189
DA:751,189
DA:752,189
DA:753,189
DA:754,189
DA:755,34
DA:756,155
DA:757,34
DA:758,34
DA:759,34
DA:760,34
DA:761,189
DA:762,1008
DA:763,819
DA:764,569
DA:765,250
DA:766,819
DA:767,819
DA:769,189
DA:770,189
DA:771,189
DA:773,144
DA:774,122
DA:775,122
DA:776,122
DA:778,22
DA:779,1008
DA:780,819
DA:781,819
DA:782,819
DA:784,189
DA:785,189
DA:786,189
DA:788,90
DA:801,90
DA:803,90
DA:804,90
DA:805,90
DA:806,90
DA:807,90
DA:808,90
DA:809,10
DA:810,10
DA:811,10
DA:821,463
DA:822,373
DA:823,373
DA:824,373
DA:826,90
DA:827,6
DA:828,6
DA:829,84
DA:830,479
DA:831,389
DA:832,389
DA:833,389
DA:835,90
DA:836,90
DA:837,90
DA:839,71
DA:847,71
DA:848,71
DA:849,0
DA:850,0
DA:851,71
DA:852,71
DA:853,71
DA:854,71
DA:855,71
DA:856,6
DA:857,6
DA:858,6
DA:859,6
DA:860,603
DA:861,532
DA:862,532
DA:863,532
DA:865,105
DA:866,34
DA:867,34
DA:869,71
DA:870,643
DA:871,572
DA:872,572
DA:873,572
DA:876,71
DA:877,71
DA:879,71
DA:881,71
DA:882,71
DA:883,0
DA:886,0
DA:887,0
DA:889,0
DA:890,0
DA:891,71
DA:892,5
DA:893,5
DA:894,5
DA:896,0
DA:897,5
DA:898,5
DA:899,71
DA:900,6
DA:902,6
DA:903,5
DA:905,0
DA:906,0
DA:907,0
DA:908,0
DA:909,0
DA:910,0
DA:911,0
DA:912,28
DA:914,5
DA:915,5
DA:916,1
DA:917,1
DA:919,6
DA:920,6
DA:921,71
DA:923,142
DA:934,142
DA:935,142
DA:936,32
DA:938,110
DA:939,142
DA:940,142
DA:941,142
DA:942,142
DA:945,142
DA:949,142
DA:950,142
DA:951,142
DA:971,142
DA:973,129
DA:974,129
DA:976,73
DA:979,202
DA:981,69
DA:984,69
DA:986,69
DA:987,69
DA:988,69
DA:990,69
DA:991,69
DA:993,138
DA:994,138
DA:995,48
DA:999,42
DA:1000,42
DA:1001,69
DA:1002,69
DA:1003,69
DA:1005,69
DA:1008,69
DA:1009,69
DA:1010,29
DA:1013,80
DA:1014,40
DA:1017,40
DA:1018,40
DA:1019,233
DA:1020,193
DA:1021,193
DA:1022,193
DA:1023,193
DA:1024,193
DA:1025,193
DA:1026,40
DA:1029,40
DA:1030,14
DA:1031,40
DA:1032,7
DA:1033,5
DA:1034,5
DA:1035,7
DA:1037,14
DA:1038,12
DA:1039,0
DA:1040,0
DA:1041,0
DA:1042,0
DA:1043,0
DA:1044,0
DA:1045,12
DA:1046,12
DA:1047,2
DA:1048,2
DA:1049,2
DA:1050,2
DA:1051,2
DA:1053,14
DA:1054,14
DA:1055,69
DA:1057,69
DA:1061,69
DA:1062,32
DA:1063,32
DA:1064,32
DA:1065,32
DA:1066,32
DA:1067,69
DA:1068,27
DA:1069,2
DA:1070,2
DA:1071,2
DA:1072,25
DA:1073,27
DA:1074,69
DA:1075,69
DA:1076,0
DA:1077,0
DA:1078,0
DA:1079,0
DA:1080,0
DA:1081,0
DA:1082,0
DA:1083,0
DA:1084,0
DA:1085,138
DA:1086,69
DA:1087,69
DA:1088,69
DA:1090,69
DA:1091,207
DA:1092,138
DA:1093,69
DA:1095,69
DA:1096,138
DA:1097,69
DA:1100,69
DA:1101,29
DA:1102,29
DA:1104,40
DA:1105,40
DA:1106,69
DA:1108,73
DA:1110,73
DA:1111,73
DA:1112,73
DA:1113,73
DA:1114,73
DA:1115,73
DA:1120,73
DA:1121,0
DA:1123,0
DA:1124,0
DA:1125,0
DA:1126,0
DA:1127,73
DA:1128,13
DA:1129,3
DA:1130,3
DA:1131,3
DA:1132,13
DA:1133,73
DA:1134,12
DA:1135,12
DA:1136,48
DA:1137,27
DA:1138,27
DA:1139,27
DA:1140,48
DA:1143,73
DA:1145,73
DA:1146,73
DA:1148,30
DA:1152,89
DA:1153,15
DA:1154,14
DA:1155,14
DA:1156,15
DA:1158,30
DA:1159,29
DA:1160,0
DA:1161,0
DA:1162,0
DA:1163,0
DA:1164,0
DA:1165,0
DA:1166,29
DA:1167,29
DA:1168,1
DA:1169,1
DA:1170,1
DA:1171,1
DA:1173,30
DA:1175,142
DA:1177,142
DA:1178,142
DA:1179,102
DA:1180,265
DA:1181,261
DA:1183,163
DA:1184,163
DA:1185,163
DA:1186,98
DA:1187,163
DA:1189,102
DA:1190,142
LF:736
LH:673
end_of_record
TN:__s21_program_test_with_gcov
SF:/Users/valerasomov/PROGRAMMING/school21/01_С/C2_s21_stringplus-3/src/s21_sscanf.c
FN:106,112,check_specificator
FN:11,50,s21_sscanf
FN:115,123,decomposicion_2
FN:135,181,switch_specificator
FN:183,192,parse_sign
FN:195,205,s21_sscanf_char
FN:208,228,s21_sscanf_string
FN:231,267,s21_sscanf_int
FN:270,297,apply_len_for_int
FN:299,318,s21_sscanf_i
FN:321,369,s21_sscanf_hex_half
FN:372,406,apply_len_for_hex_half
FN:408,456,s21_sscanf_hex
FN:459,493,apply_len_for_hex
FN:495,536,s21_sscanf_float
FN:53,60,sscanf_flags_to_null
FN:539,558,e_pow_apply
FN:560,590,nan_inf_and_e_notacion_apply
FN:593,617,apply_len_for_float
FN:62,89,parsing_p_format
FN:92,104,decomposicion_1
FNDA:968,check_specificator
FNDA:417,s21_sscanf
FNDA:0,decomposicion_2
FNDA:968,switch_specificator
FNDA:1003,parse_sign
FNDA:75,s21_sscanf_char
FNDA:25,s21_sscanf_string
FNDA:358,s21_sscanf_int
FNDA:358,apply_len_for_int
FNDA:351,s21_sscanf_i
FNDA:169,s21_sscanf_hex_half
FNDA:164,apply_len_for_hex_half
FNDA:291,s21_sscanf_hex
FNDA:291,apply_len_for_hex
FNDA:49,s21_sscanf_float
FNDA:1409,sscanf_flags_to_null
FNDA:49,e_pow_apply
FNDA:36,nan_inf_and_e_notacion_apply
FNDA:65,apply_len_for_float
FNDA:968,parsing_p_format
FNDA:417,decomposicion_1
FNF:21
FNH:20
DA:11,417
DA:12,417
DA:15,417
DA:18,417
DA:19,417
DA:22,417
DA:23,1826
DA:24,1409
DA:25,968
DA:26,968
DA:27,968
DA:29,968
DA:30,968
DA:33,968
DA:34,968
DA:35,968
DA:36,0
DA:37,968
DA:39,441
DA:40,314
DA:41,314
DA:42,646
DA:43,314
DA:44,127
DA:47,1409
DA:49,417
DA:50,417
DA:53,1409
DA:54,1409
DA:55,1409
DA:56,1409
DA:57,1409
DA:58,1409
DA:59,1409
DA:60,1409
DA:62,968
DA:64,968
DA:65,62
DA:66,62
DA:67,62
DA:69,968
DA:70,968
DA:71,1419
DA:72,451
DA:73,451
DA:74,451
DA:75,968
DA:76,968
DA:78,1943
DA:79,975
DA:80,331
DA:82,644
DA:83,975
DA:87,968
DA:88,968
DA:89,968
DA:92,417
DA:97,505
DA:98,496
DA:99,496
DA:100,408
DA:101,408
DA:103,88
DA:104,417
DA:106,968
DA:107,968
DA:108,968
DA:109,0
DA:110,0
DA:111,0
DA:112,968
DA:115,0
DA:119,0
DA:120,0
DA:122,0
DA:123,0
DA:135,968
DA:137,968
DA:138,968
DA:140,75
DA:141,75
DA:144,191
DA:145,191
DA:147,351
DA:148,351
DA:156,49
DA:157,49
DA:159,85
DA:160,85
DA:161,85
DA:162,85
DA:164,25
DA:165,25
DA:168,160
DA:169,160
DA:170,160
DA:172,31
DA:173,31
DA:174,31
DA:176,1
DA:177,1
DA:179,0
DA:181,968
DA:183,1003
DA:184,1003
DA:185,210
DA:186,210
DA:187,210
DA:188,1003
DA:189,247
DA:190,247
DA:191,247
DA:192,1003
DA:195,75
DA:197,75
DA:198,74
DA:199,64
DA:200,64
DA:201,64
DA:202,64
DA:203,74
DA:204,74
DA:205,75
DA:208,25
DA:211,25
DA:212,25
DA:213,25
DA:214,124
DA:215,106
DA:216,80
DA:217,80
DA:218,80
DA:219,80
DA:220,106
DA:221,106
DA:222,106
DA:223,7
DA:224,7
DA:227,25
DA:228,25
DA:231,358
DA:245,358
DA:247,358
DA:248,358
DA:249,358
DA:250,358
DA:251,358
DA:252,358
DA:255,358
DA:256,44
DA:257,44
DA:259,400
DA:260,1934
DA:261,1534
DA:262,1534
DA:263,1534
DA:265,400
DA:266,400
DA:267,400
DA:270,358
DA:273,358
DA:275,120
DA:276,50
DA:277,50
DA:278,50
DA:279,50
DA:280,70
DA:281,70
DA:282,70
DA:284,358
DA:286,139
DA:287,139
DA:288,139
DA:289,139
DA:290,99
DA:292,46
DA:293,46
DA:294,46
DA:295,46
DA:297,358
DA:299,351
DA:301,351
DA:302,351
DA:304,351
DA:305,184
DA:306,184
DA:307,100
DA:308,100
DA:309,100
DA:310,84
DA:312,84
DA:314,184
DA:315,167
DA:316,167
DA:318,351
DA:321,169
DA:323,169
DA:325,169
DA:326,169
DA:327,169
DA:329,169
DA:330,5
DA:333,850
DA:334,686
DA:336,711
DA:337,686
DA:339,25
DA:340,686
DA:343,164
DA:347,164
DA:348,4
DA:349,2
DA:351,2
DA:352,4
DA:353,754
DA:354,594
DA:356,2551
DA:357,1957
DA:358,1957
DA:359,594
DA:360,594
DA:363,164
DA:366,164
DA:368,169
DA:369,169
DA:372,164
DA:374,164
DA:377,64
DA:378,32
DA:379,32
DA:380,32
DA:382,32
DA:383,32
DA:384,32
DA:385,32
DA:388,164
DA:389,50
DA:392,48
DA:393,48
DA:394,48
DA:396,100
DA:397,47
DA:400,32
DA:401,32
DA:402,32
DA:404,32
DA:405,47
DA:406,164
DA:408,291
DA:410,291
DA:412,291
DA:413,291
DA:414,291
DA:417,1661
DA:418,1376
DA:419,1370
DA:420,1370
DA:421,1200
DA:423,170
DA:424,1370
DA:427,291
DA:428,1455
DA:429,1176
DA:430,1176
DA:431,692
DA:432,484
DA:433,208
DA:434,276
DA:435,276
DA:437,5082
DA:438,3906
DA:439,3906
DA:442,1176
DA:443,12
DA:444,6
DA:446,6
DA:447,12
DA:449,1164
DA:450,1164
DA:451,291
DA:454,291
DA:455,291
DA:456,291
DA:459,291
DA:461,291
DA:464,96
DA:465,48
DA:466,48
DA:467,48
DA:469,48
DA:470,48
DA:471,48
DA:472,48
DA:475,291
DA:476,129
DA:479,127
DA:480,127
DA:481,127
DA:483,195
DA:484,63
DA:487,48
DA:488,48
DA:489,48
DA:491,48
DA:492,63
DA:493,291
DA:495,49
DA:497,49
DA:498,49
DA:500,49
DA:501,49
DA:502,49
DA:504,49
DA:505,49
DA:507,49
DA:508,49
DA:509,349
DA:510,150
DA:511,150
DA:512,27
DA:513,27
DA:514,27
DA:515,27
DA:516,150
DA:517,66
DA:518,66
DA:519,150
DA:520,44
DA:521,44
DA:522,84
DA:523,56
DA:524,28
DA:525,28
DA:526,150
DA:527,2
DA:528,150
DA:529,150
DA:531,98
DA:532,49
DA:534,98
DA:535,49
DA:536,49
DA:539,49
DA:542,49
DA:543,49
DA:544,45
DA:545,88
DA:546,45
DA:547,45
DA:548,4
DA:549,4
DA:551,49
DA:553,49
DA:554,23
DA:555,49
DA:556,10
DA:557,2
DA:558,49
DA:560,36
DA:564,38
DA:565,12
DA:566,12
DA:567,2
DA:568,2
DA:569,30
DA:570,4
DA:571,4
DA:572,2
DA:573,2
DA:574,26
DA:575,10
DA:576,10
DA:577,10
DA:578,2
DA:579,2
DA:580,2
DA:581,31
DA:582,19
DA:584,11
DA:585,11
DA:587,10
DA:588,10
DA:589,10
DA:590,28
DA:593,65
DA:596,65
DA:597,0
DA:598,0
DA:599,0
DA:600,0
DA:601,69
DA:602,4
DA:603,4
DA:604,4
DA:605,4
DA:606,4
DA:607,4
DA:608,0
DA:609,0
DA:610,0
DA:612,65
DA:613,49
DA:614,49
DA:615,49
DA:616,49
DA:617,49
LF:406
LH:389
end_of_record
TN:__s21_program_test_with_gcov
SF:/Users/valerasomov/PROGRAMMING/school21/01_С/C2_s21_stringplus-3/src/s21_string.c
FN:116,134,s21_strrchr
FN:137,159,s21_strstr
FN:15,26,s21_strcmp
FN:162,219,s21_strtok
FN:221,235,s21_strpbrk
FN:238,253,s21_strerror
FN:256,292,number_add_text
FN:29,39,s21_strncmp
FN:294,314,s21_memchr
FN:3,12,s21_strlen
FN:317,331,s21_memcmp
FN:334,343,s21_memset
FN:346,358,s21_memcpy
FN:361,375,s21_strcspn
FN:378,400,s21_to_upper
FN:403,425,s21_to_lower
FN:42,52,s21_strcpy
FN:462,486,s21_insert
FN:520,550,s21_trim
FN:55,63,s21_strncpy
FN:80,93,s21_strncat
FN:96,113,s21_strchr
FNDA:21,s21_strrchr
FNDA:29,s21_strstr
FNDA:92,s21_strcmp
FNDA:134,s21_strtok
FNDA:19,s21_strpbrk
FNDA:1156,s21_strerror
FNDA:1243,number_add_text
FNDA:19,s21_strncmp
FNDA:27,s21_memchr
FNDA:59769,s21_strlen
FNDA:41,s21_memcmp
FNDA:127,s21_memset
FNDA:29,s21_memcpy
FNDA:32,s21_strcspn
FNDA:12,s21_to_upper
FNDA:12,s21_to_lower
FNDA:3591,s21_strcpy
FNDA:13,s21_insert
FNDA:10,s21_trim
FNDA:27,s21_strncpy
FNDA:26,s21_strncat
FNDA:7348,s21_strchr
FNF:22
FNH:22
DA:3,59769
DA:8,59769
DA:9,1403316
DA:10,1343547
DA:12,59769
DA:15,92
DA:20,92
DA:21,92
DA:22,92
DA:23,92
DA:24,92
DA:25,0
DA:26,92
DA:29,19
DA:34,19
DA:35,95
DA:36,81
DA:37,81
DA:38,76
DA:39,19
DA:42,3591
DA:47,3591
DA:48,56069
DA:49,52478
DA:50,52478
DA:51,3591
DA:52,3591
DA:55,27
DA:60,239
DA:61,212
DA:62,212
DA:63,27
DA:80,26
DA:85,26
DA:86,26
DA:87,178
DA:88,152
DA:89,152
DA:90,152
DA:93,26
DA:96,7348
DA:102,7348
DA:103,47196
DA:106,44170
DA:107,4322
DA:108,4322
DA:111,39848
DA:113,7348
DA:116,21
DA:122,21
DA:123,21
DA:124,21
DA:125,21
DA:126,123
DA:127,117
DA:128,15
DA:129,15
DA:131,102
DA:132,102
DA:134,21
DA:137,29
DA:142,29
DA:143,29
DA:144,163
DA:145,139
DA:146,159
DA:147,225
DA:148,205
DA:149,139
DA:150,139
DA:152,66
DA:153,159
DA:154,20
DA:155,20
DA:157,139
DA:158,24
DA:159,29
DA:162,134
DA:180,134
DA:181,134
DA:184,134
DA:187,39
DA:188,134
DA:189,28
DA:191,134
DA:193,265
DA:194,159
DA:198,106
DA:201,96
DA:203,534
DA:204,438
DA:209,96
DA:210,77
DA:211,77
DA:212,77
DA:214,19
DA:216,96
DA:218,124
DA:219,134
DA:221,19
DA:227,19
DA:228,80
DA:229,72
DA:230,11
DA:231,11
DA:233,61
DA:235,19
DA:238,1156
DA:245,1156
DA:246,1156
DA:247,109
DA:249,1047
DA:250,1047
DA:251,1047
DA:253,1156
DA:256,1243
DA:262,1243
DA:263,1243
DA:264,1243
DA:267,1243
DA:268,1
DA:269,1
DA:270,1242
DA:271,1100
DA:272,1100
DA:273,1100
DA:274,1100
DA:275,1100
DA:277,1242
DA:278,1242
DA:279,3737
DA:280,3737
DA:281,3737
DA:282,1242
DA:285,1242
DA:286,3737
DA:287,3737
DA:288,3737
DA:289,3737
DA:290,1242
DA:292,1243
DA:294,27
DA:300,27
DA:301,27
DA:302,184
DA:303,171
DA:305,14
DA:306,14
DA:308,157
DA:309,0
DA:311,157
DA:312,157
DA:314,27
DA:317,41
DA:322,41
DA:323,41
DA:324,41
DA:325,541
DA:326,517
DA:327,17
DA:328,17
DA:330,500
DA:331,41
DA:334,127
DA:340,127
DA:341,1702
DA:343,127
DA:346,29
DA:353,29
DA:354,29
DA:355,305
DA:356,276
DA:357,276
DA:358,29
DA:361,32
DA:367,32
DA:368,149
DA:369,140
DA:370,117
DA:372,23
DA:373,117
DA:375,32
DA:378,12
DA:384,12
DA:389,12
DA:390,11
DA:391,112
DA:392,101
DA:393,49
DA:395,52
DA:396,101
DA:398,11
DA:399,11
DA:400,12
DA:403,12
DA:409,12
DA:414,12
DA:415,11
DA:416,132
DA:417,121
DA:418,46
DA:420,75
DA:421,121
DA:423,11
DA:424,11
DA:425,12
DA:462,13
DA:463,13
DA:464,13
DA:465,13
DA:466,13
DA:467,10
DA:468,10
DA:469,13
DA:470,10
DA:471,10
DA:472,13
DA:473,9
DA:474,9
DA:476,41
DA:477,32
DA:478,32
DA:479,53
DA:480,44
DA:481,44
DA:482,48
DA:483,39
DA:484,39
DA:485,9
DA:486,13
DA:520,10
DA:527,10
DA:528,0
DA:531,10
DA:532,10
DA:534,70
DA:535,60
DA:538,33
DA:539,23
DA:542,10
DA:543,10
DA:544,10
DA:545,10
DA:546,10
DA:547,10
DA:549,10
DA:550,10
LF:247
LH:244
end_of_record
TN:__s21_program_test_with_gcov
SF:/Users/valerasomov/PROGRAMMING/school21/01_С/C2_s21_stringplus-3/src/s21_tests_quest_1_functions.c
FN:1010,1019,test_strncat_2_fn
FN:1021,1030,test_strncat_3_fn
FN:1032,1041,test_strncat_4_fn
FN:1043,1052,test_strncat_5_fn
FN:105,112,find_float_in_array_fn
FN:1054,1063,Hello_aboba_fn
FN:1065,1074,zero_first_fn
FN:1076,1085,zero_last_fn
FN:1087,1096,any_letters_with_register_fn
FN:1098,1107,any_letters_with_register_and_num_fn
FN:1109,1119,any_letters_with_register_and_num_and_sim_fn
FN:1121,1127,strncat_1_fn
FN:1129,1135,strncat_2_fn
FN:1137,1143,strncat_3_fn
FN:114,121,easy_test_string_fn
FN:1145,1151,strncat_4_fn
FN:1153,1159,strncat_5_fn
FN:1161,1168,strncat_6_fn
FN:1170,1176,strncat_7_fn
FN:1178,1184,strncat_8_fn
FN:1186,1192,strncat_9_fn
FN:1194,1200,strncat_10_fn
FN:1202,1208,strncat_11_fn
FN:1210,1216,strncat_12_fn
FN:1218,1224,strncat_13_fn
FN:1226,1232,strncat_14_fn
FN:123,128,memchr_1_fn
FN:1234,1240,strncat_15_fn
FN:1243,1247,test_strchr_1_fn
FN:1249,1253,test_strchr_2_fn
FN:1255,1259,test_strchr_3_fn
FN:1261,1265,test_strchr_4_fn
FN:1267,1271,test_strchr_5_fn
FN:1273,1278,abobasnutsa_find_a_fn
FN:1280,1285,abobasnutAsa_find_A_fn
FN:1287,1292,abobasnutA1sa_find_1_fn
FN:1294,1299,abobasnutAsa_find_Z_fn
FN:13,18,test_memchr_2_fn
FN:130,135,memchr_2_fn
FN:1301,1306,abobasnutAsa_find_3_fn
FN:1316,1320,strchr_1_fn
FN:1322,1326,strchr_2_fn
FN:1328,1332,strchr_3_fn
FN:1334,1338,strchr_4_fn
FN:1340,1344,strchr_5_fn
FN:1346,1350,strchr_6_fn
FN:1352,1356,strchr_7_fn
FN:1358,1362,strchr_8_fn
FN:1365,1370,test_strncmp_1_fn
FN:137,142,memchr_3_fn
FN:1372,1377,test_strncmp_2_fn
FN:1379,1384,test_strncmp_3_fn
FN:1386,1391,test_strncmp_4_fn
FN:1393,1398,test_strncmp_5_fn
FN:1400,1409,floppa__fn
FN:1411,1420,_floppa_fn
FN:1422,1431,floppa_floppa_fn
FN:1433,1445,floppa_floppa_zero_byte_fn
FN:144,149,memchr_4_fn
FN:1447,1456,floppa_floppa_one_byte_fn
FN:1458,1467,strncmp_1_fn
FN:1469,1478,strncmp_2_fn
FN:1480,1489,strncmp_3_fn
FN:1491,1500,strncmp_4_fn
FN:1502,1511,strncmp_5_fn
FN:151,156,memchr_5_fn
FN:1513,1522,strncmp_6_fn
FN:1524,1533,strncmp_7_fn
FN:1535,1544,strncmp_8_fn
FN:1546,1555,strncmp_9_fn
FN:1558,1567,test_strncpy_1_fn
FN:1569,1578,test_strncpy_2_fn
FN:158,163,memchr_6_fn
FN:1580,1589,test_strncpy_3_fn
FN:1591,1600,test_strncpy_4_fn
FN:1602,1611,test_strncpy_5_fn
FN:1613,1623,empty_strncpy_fn
FN:1625,1635,zero_byte_strncpy_fn
FN:1637,1647,empty_src_strncpy_fn
FN:1649,1659,one_byte_fn
FN:165,170,memchr_7_fn
FN:1661,1671,two_byte_fn
FN:1673,1683,string_strncpy_fn
FN:1685,1691,strncpy_1_fn
FN:1693,1699,strncpy_2_fn
FN:1701,1707,strncpy_3_fn
FN:1709,1715,strncpy_4_fn
FN:1717,1724,strncpy_5_fn
FN:172,177,memchr_8_fn
FN:1726,1732,strncpy_6_fn
FN:1735,1739,test_strcspn_1_fn
FN:1741,1745,test_strcspn_2_fn
FN:1747,1751,test_strcspn_3_fn
FN:1753,1757,test_strcspn_4_fn
FN:1759,1763,test_strcspn_5_fn
FN:1765,1770,empty_strcspn_fn
FN:1772,1777,gora__fn
FN:1779,1784,_gora_fn
FN:1786,1791,any_register_fn
FN:179,184,memchr_9_fn
FN:1793,1798,num_num_fn
FN:1800,1805,long_num_num_fn
FN:1807,1812,num_long_num_fn
FN:1814,1819,any_num_fn
FN:1821,1826,num_with_letter_fn
FN:1828,1833,num_with_letter2_fn
FN:1835,1840,basic_test_fn
FN:1842,1847,any_sim_fn
FN:1849,1854,upper_letter_fn
FN:1856,1861,lower_letter_fn
FN:186,191,memchr_10_fn
FN:1863,1872,not_uniq_sim_fn
FN:1874,1879,strcspn_1_fn
FN:1881,1887,strcspn_2_fn
FN:1889,1893,strcspn_3_fn
FN:1895,1899,strcspn_4_fn
FN:1901,1905,strcspn_5_fn
FN:1907,1911,strcspn_6_fn
FN:1913,1917,strcspn_7_fn
FN:1919,1923,strcspn_8_fn
FN:1925,1929,strcspn_9_fn
FN:1931,1935,strcspn_10_fn
FN:1937,1941,strcspn_11_fn
FN:194,200,test_memcmp_1_fn
FN:1943,1947,strcspn_12_fn
FN:1950,1953,test_strerror_1_fn
FN:1955,1958,test_strerror_2_fn
FN:1960,1963,test_strerror_3_fn
FN:1965,1968,test_strerror_4_fn
FN:1970,1973,test_strerror_5_fn
FN:1975,1981,all_std_errors_fn
FN:1983,1987,negative_err_code_fn
FN:1990,1993,test_strlen_1_fn
FN:1995,1998,test_strlen_2_fn
FN:20,25,test_memchr_3_fn
FN:2000,2003,test_strlen_3_fn
FN:2005,2008,test_strlen_4_fn
FN:2010,2013,test_strlen_5_fn
FN:2015,2019,empty_strlen_fn
FN:202,207,test_memcmp_2_fn
FN:2021,2025,abosal_fn
FN:2027,2031,num_fn
FN:2033,2038,string_strlen_fn
FN:2040,2044,abosal_no_dal_fn
FN:2046,2050,dai_mne_pen_fn
FN:2052,2056,Floppy_disk_fn
FN:2058,2062,Russky_kot_Shlepa_fn
FN:2064,2068,kot_Vasily_fn
FN:2070,2074,floppa_fn
FN:2076,2079,strlen_1_fn
FN:2081,2086,strlen_2_fn
FN:2088,2091,strlen_3_fn
FN:209,215,test_memcmp_3_fn
FN:2093,2096,strlen_4_fn
FN:2098,2102,strlen_5_fn
FN:2104,2107,strlen_6_fn
FN:2109,2112,strlen_7_fn
FN:2114,2117,strlen_8_fn
FN:2119,2122,strlen_9_fn
FN:2124,2127,strlen_10_fn
FN:2129,2132,strlen_11_fn
FN:2134,2137,strlen_12_fn
FN:2139,2142,strlen_13_fn
FN:2144,2147,strlen_14_fn
FN:2150,2154,test_strpbrk_1_fn
FN:2156,2160,test_strpbrk_2_fn
FN:2162,2166,test_strpbrk_3_fn
FN:2168,2172,test_strpbrk_4_fn
FN:217,223,test_memcmp_4_fn
FN:2174,2178,test_strpbrk_5_fn
FN:2180,2185,empty_strpbrk_fn
FN:2187,2192,floppy__fn
FN:2194,2199,_floppy_fn
FN:2201,2206,poki_doki_o_fn
FN:2208,2213,poki_doki_i_fn
FN:2215,2220,poki_doki_p_fn
FN:2222,2227,find_big_P_fn
FN:2229,2234,find_zero_fn
FN:2236,2240,strpbrk_1_fn
FN:2242,2246,strpbrk_2_fn
FN:2248,2252,strpbrk_3_fn
FN:225,231,test_memcmp_5_fn
FN:2254,2258,strpbrk_4_fn
FN:2260,2264,strpbrk_5_fn
FN:2266,2270,strpbrk_6_fn
FN:2273,2277,test_strrchr_1_fn
FN:2279,2283,test_strrchr_2_fn
FN:2285,2289,test_strrchr_3_fn
FN:2291,2295,test_strrchr_4_fn
FN:2297,2301,test_strrchr_5_fn
FN:2303,2308,empty_strrchr_fn
FN:2310,2315,floppy__strrchr_fn
FN:2317,2322,_floppy_strrchr_fn
FN:2324,2329,poki_doki_o_strrchr_fn
FN:233,289,test_memcmp_from_another_users_fn
FN:2331,2336,poki_doki_i_strrchr_fn
FN:2338,2343,poki_doki_p_strrchr_fn
FN:2345,2350,find_big_P_strrchr_fn
FN:2352,2357,find_zero_strrchr_fn
FN:2359,2363,strrchr_1_fn
FN:2365,2369,strrchr_2_fn
FN:2371,2375,strrchr_3_fn
FN:2377,2381,strrchr_4_fn
FN:2383,2387,strrchr_5_fn
FN:2389,2393,strrchr_6_fn
FN:2395,2399,strrchr_7_fn
FN:2401,2405,strrchr_8_fn
FN:2408,2412,test_strstr_1_fn
FN:2414,2418,test_strstr_2_fn
FN:2420,2424,test_strstr_3_fn
FN:2426,2430,test_strstr_4_fn
FN:2432,2436,test_strstr_5_fn
FN:2438,2443,empty_string_haystack_and_needle_fn
FN:2445,2450,empty_string_haystack_fn
FN:2452,2457,empty_string_needle_fn
FN:2459,2464,toxic_test_fn
FN:2466,2471,not_word_in_haystack_fn
FN:2473,2478,words_with_any_register_fn
FN:2480,2485,repeated_words_fn
FN:2487,2492,word_at_end_fn
FN:2494,2499,one_simbol_in_needle_and_haystack_fn
FN:2501,2507,one_simbol_in_needle_fn
FN:2509,2514,one_simbol_in_haystack_fn
FN:2516,2520,strstr_1_fn
FN:2522,2526,strstr_2_fn
FN:2528,2532,strstr_3_fn
FN:2534,2539,strstr_4_fn
FN:2541,2545,strstr_5_fn
FN:2547,2551,strstr_6_fn
FN:2553,2557,strstr_7_fn
FN:2559,2563,strstr_8_fn
FN:2565,2569,strstr_9_fn
FN:2571,2575,strstr_10_fn
FN:2577,2581,strstr_11_fn
FN:2583,2587,strstr_12_fn
FN:2589,2593,strstr_13_fn
FN:2596,2609,test_strtok_1_fn
FN:2611,2624,test_strtok_2_fn
FN:2626,2639,test_strtok_3_fn
FN:2641,2654,test_strtok_4_fn
FN:2656,2669,test_strtok_5_fn
FN:2671,2695,correct_token_string_fn
FN:2697,2721,hard_token_string_fn
FN:27,32,test_memchr_4_fn
FN:2723,2747,unary_delimiters_fn
FN:2749,2767,no_delims_fn
FN:2769,2779,only_delims_fn
FN:2781,2807,too_many_uses_non_segfault_fn
FN:2809,2833,even_n_of_delims_fn
FN:2835,2859,odd_n_of_delims_fn
FN:2861,2885,mixed_n_of_delims_fn
FN:2887,2911,hard_mixed_fn
FN:291,297,zero_byte_fn
FN:2913,2937,mixed_hard_incorrect_fn
FN:2939,2962,very_hard_mixed_fn
FN:2964,2969,strtok_1_fn
FN:2971,2976,strtok_2_fn
FN:2978,2983,strtok_3_fn
FN:2985,2990,strtok_4_fn
FN:299,305,first_byte_in_string_fn
FN:2992,2997,strtok_5_fn
FN:2999,3005,strtok_6_fn
FN:3007,3012,strtok_7_fn
FN:3014,3019,strtok_8_fn
FN:3021,3026,strtok_9_fn
FN:3028,3033,strtok_10_fn
FN:3042,3047,strtok_12_fn
FN:3049,3063,strtok_13_fn
FN:3065,3079,strtok_14_fn
FN:307,313,register_test_fn
FN:3081,3095,strtok_15_fn
FN:3097,3113,strtok_16_fn
FN:3115,3124,strtok_17_fn
FN:3126,3137,strtok_18_fn
FN:3139,3152,strtok_19_fn
FN:315,321,zero_byte_in_num_fn
FN:3154,3165,strtok_20_fn
FN:3168,3173,to_lower_test1_fn
FN:3175,3180,to_lower_test2_fn
FN:3182,3187,to_lower_test3_fn
FN:3189,3194,to_lower_test4_fn
FN:3196,3201,to_lower_test5_fn
FN:3203,3208,test_to_lower_1_fn
FN:3210,3215,test_to_lower_2_fn
FN:3217,3222,test_to_lower_3_fn
FN:3224,3229,test_to_lower_4_fn
FN:323,329,first_byte_in_num_fn
FN:3231,3236,test_to_lower_5_fn
FN:3238,3243,test_to_lower_6_fn
FN:3245,3250,test_to_lower_7_fn
FN:3253,3258,to_upper_test1_fn
FN:3260,3265,to_upper_test2_fn
FN:3267,3272,to_upper_test3_fn
FN:3274,3279,to_upper_test4_fn
FN:3281,3286,to_upper_test5_fn
FN:3288,3293,test_to_upper_1_fn
FN:3295,3300,test_to_upper_2_fn
FN:3302,3307,test_to_upper_3_fn
FN:3309,3314,test_to_upper_4_fn
FN:331,337,two_byte_in_num_fn
FN:3316,3321,test_to_upper_5_fn
FN:3323,3328,test_to_upper_6_fn
FN:3330,3335,test_to_upper_7_fn
FN:3338,3346,insert_test1_fn
FN:3348,3356,insert_test2_fn
FN:3368,3376,insert_test4_fn
FN:3378,3386,insert_test5_fn
FN:3388,3396,insert_str_null_fn
FN:339,346,two_byte_long_two_num_fn
FN:3398,3406,test_insert_1_fn
FN:34,39,test_memchr_5_fn
FN:3408,3416,test_insert_2_fn
FN:3418,3426,test_insert_3_fn
FN:3428,3436,test_insert_4_fn
FN:3438,3446,test_insert_5_fn
FN:3448,3456,test_insert_6_fn
FN:3458,3466,test_insert_7_fn
FN:3468,3476,test_insert_8_fn
FN:348,355,two_byte_long_first_num_fn
FN:3499,3506,all_empty_fn
FN:3508,3515,str_empty_fn
FN:3517,3524,trim_empty_fn
FN:3526,3533,trim_and_str_eq_fn
FN:3535,3542,trim_test1_fn
FN:3544,3551,trim_test2_fn
FN:3553,3560,trim_test3_fn
FN:3562,3569,trim_test4_fn
FN:357,365,eq_long_string_fn
FN:3571,3578,trim_test5_fn
FN:3580,3587,empty_spaces_fn
FN:3590,3624,s21_memchr_test
FN:3627,3665,s21_memcmp_test
FN:3668,3701,s21_memcpy_test
FN:367,375,not_eq_long_string_fn
FN:3704,3725,s21_memset_test
FN:3728,3759,s21_strncat_test
FN:3762,3785,s21_strchr_test
FN:377,386,memcmp_1_fn
FN:3788,3812,s21_strncmp_test
FN:3815,3837,s21_strncpy_test
FN:3840,3877,s21_strcspn_test
FN:388,397,memcmp_2_fn
FN:3880,3892,s21_strerror_test
FN:3895,3929,s21_strlen_test
FN:3932,3956,s21_strpbrk_test
FN:3959,3985,s21_strrchr_test
FN:3988,4022,s21_strstr_test
FN:399,408,memcmp_3_fn
FN:4025,4067,s21_strtok_test
FN:4070,4087,s21_to_lower_test
FN:4090,4107,s21_to_upper_test
FN:41,49,test_memchr_from_another_users_fn
FN:410,419,memcmp_4_fn
FN:4110,4131,s21_insert_test
FN:4134,4149,s21_trim_test
FN:421,430,memcmp_5_fn
FN:432,441,memcmp_6_fn
FN:443,452,memcmp_7_fn
FN:454,463,memcmp_8_fn
FN:465,474,memcmp_9_fn
FN:476,485,memcmp_10_fn
FN:487,496,memcmp_11_fn
FN:498,507,memcmp_12_fn
FN:5,11,test_memchr_1_fn
FN:509,518,memcmp_13_fn
FN:51,58,empty_str_fn
FN:520,533,memcmp_14_fn
FN:535,548,memcmp_15_fn
FN:550,559,memcmp_16_fn
FN:562,570,test_memcpy_1_fn
FN:572,580,test_memcpy_2_fn
FN:582,590,test_memcpy_3_fn
FN:592,598,test_memcpy_4_fn
FN:60,67,find_zero_in_string_fn
FN:600,606,test_memcpy_5_fn
FN:608,618,hate_test_fn
FN:620,630,zero_test_string_fn
FN:632,642,any_empty_fn
FN:644,654,zero_test_string_with_register_fn
FN:656,666,zero_test_num_fn
FN:668,678,one_byte_string_fn
FN:680,690,one_byte_string_with_register_fn
FN:69,76,find_simbol_in_string_in_start_fn
FN:692,702,one_byte_num_fn
FN:704,714,basic_long_string_fn
FN:716,726,long_string_with_register_fn
FN:728,738,long_string_with_register_and_num_fn
FN:740,751,long_string_with_register_and_num_and_simbol_fn
FN:753,759,memcpy_1_fn
FN:761,767,memcpy_2_fn
FN:769,775,memcpy_3_fn
FN:777,783,memcpy_4_fn
FN:78,85,find_simbol_in_string_in_end_fn
FN:785,791,memcpy_5_fn
FN:793,799,memcpy_6_fn
FN:801,807,memcpy_7_fn
FN:809,815,memcpy_8_fn
FN:817,823,memcpy_9_fn
FN:825,831,memcpy_10_fn
FN:834,842,test_memset_1_fn
FN:844,852,test_memset_2_fn
FN:854,862,test_memset_3_fn
FN:864,872,test_memset_4_fn
FN:87,94,find_num_in_string_in_mid_fn
FN:874,882,test_memset_5_fn
FN:884,894,aboba_test_fn
FN:896,906,empty_fn
FN:908,918,replace_on_register_sim_fn
FN:920,930,replace_on_register_num_fn
FN:932,946,long_string_fn
FN:948,956,memset_1_fn
FN:958,964,memset_2_fn
FN:96,103,find_num_in_array_num_fn
FN:966,972,memset_3_fn
FN:974,980,memset_4_fn
FN:982,988,memset_5_fn
FN:990,996,memset_6_fn
FN:999,1008,test_strncat_1_fn
FNDA:1,test_strncat_2_fn
FNDA:1,test_strncat_3_fn
FNDA:1,test_strncat_4_fn
FNDA:1,test_strncat_5_fn
FNDA:1,find_float_in_array_fn
FNDA:1,Hello_aboba_fn
FNDA:1,zero_first_fn
FNDA:1,zero_last_fn
FNDA:1,any_letters_with_register_fn
FNDA:1,any_letters_with_register_and_num_fn
FNDA:1,any_letters_with_register_and_num_and_sim_fn
FNDA:1,strncat_1_fn
FNDA:1,strncat_2_fn
FNDA:1,strncat_3_fn
FNDA:1,easy_test_string_fn
FNDA:1,strncat_4_fn
FNDA:1,strncat_5_fn
FNDA:1,strncat_6_fn
FNDA:1,strncat_7_fn
FNDA:1,strncat_8_fn
FNDA:1,strncat_9_fn
FNDA:1,strncat_10_fn
FNDA:1,strncat_11_fn
FNDA:1,strncat_12_fn
FNDA:1,strncat_13_fn
FNDA:1,strncat_14_fn
FNDA:1,memchr_1_fn
FNDA:1,strncat_15_fn
FNDA:1,test_strchr_1_fn
FNDA:1,test_strchr_2_fn
FNDA:1,test_strchr_3_fn
FNDA:1,test_strchr_4_fn
FNDA:1,test_strchr_5_fn
FNDA:1,abobasnutsa_find_a_fn
FNDA:1,abobasnutAsa_find_A_fn
FNDA:1,abobasnutA1sa_find_1_fn
FNDA:1,abobasnutAsa_find_Z_fn
FNDA:1,test_memchr_2_fn
FNDA:1,memchr_2_fn
FNDA:1,abobasnutAsa_find_3_fn
FNDA:1,strchr_1_fn
FNDA:1,strchr_2_fn
FNDA:1,strchr_3_fn
FNDA:1,strchr_4_fn
FNDA:1,strchr_5_fn
FNDA:1,strchr_6_fn
FNDA:1,strchr_7_fn
FNDA:1,strchr_8_fn
FNDA:1,test_strncmp_1_fn
FNDA:1,memchr_3_fn
FNDA:1,test_strncmp_2_fn
FNDA:1,test_strncmp_3_fn
FNDA:1,test_strncmp_4_fn
FNDA:1,test_strncmp_5_fn
FNDA:1,floppa__fn
FNDA:1,_floppa_fn
FNDA:1,floppa_floppa_fn
FNDA:1,floppa_floppa_zero_byte_fn
FNDA:1,memchr_4_fn
FNDA:1,floppa_floppa_one_byte_fn
FNDA:1,strncmp_1_fn
FNDA:1,strncmp_2_fn
FNDA:1,strncmp_3_fn
FNDA:1,strncmp_4_fn
FNDA:1,strncmp_5_fn
FNDA:1,memchr_5_fn
FNDA:1,strncmp_6_fn
FNDA:1,strncmp_7_fn
FNDA:1,strncmp_8_fn
FNDA:1,strncmp_9_fn
FNDA:1,test_strncpy_1_fn
FNDA:1,test_strncpy_2_fn
FNDA:1,memchr_6_fn
FNDA:1,test_strncpy_3_fn
FNDA:1,test_strncpy_4_fn
FNDA:1,test_strncpy_5_fn
FNDA:1,empty_strncpy_fn
FNDA:1,zero_byte_strncpy_fn
FNDA:1,empty_src_strncpy_fn
FNDA:1,one_byte_fn
FNDA:1,memchr_7_fn
FNDA:1,two_byte_fn
FNDA:1,string_strncpy_fn
FNDA:1,strncpy_1_fn
FNDA:1,strncpy_2_fn
FNDA:1,strncpy_3_fn
FNDA:1,strncpy_4_fn
FNDA:1,strncpy_5_fn
FNDA:1,memchr_8_fn
FNDA:1,strncpy_6_fn
FNDA:1,test_strcspn_1_fn
FNDA:1,test_strcspn_2_fn
FNDA:1,test_strcspn_3_fn
FNDA:1,test_strcspn_4_fn
FNDA:1,test_strcspn_5_fn
FNDA:1,empty_strcspn_fn
FNDA:1,gora__fn
FNDA:1,_gora_fn
FNDA:1,any_register_fn
FNDA:1,memchr_9_fn
FNDA:1,num_num_fn
FNDA:1,long_num_num_fn
FNDA:1,num_long_num_fn
FNDA:1,any_num_fn
FNDA:1,num_with_letter_fn
FNDA:1,num_with_letter2_fn
FNDA:1,basic_test_fn
FNDA:1,any_sim_fn
FNDA:1,upper_letter_fn
FNDA:1,lower_letter_fn
FNDA:1,memchr_10_fn
FNDA:1,not_uniq_sim_fn
FNDA:1,strcspn_1_fn
FNDA:1,strcspn_2_fn
FNDA:1,strcspn_3_fn
FNDA:1,strcspn_4_fn
FNDA:1,strcspn_5_fn
FNDA:1,strcspn_6_fn
FNDA:1,strcspn_7_fn
FNDA:1,strcspn_8_fn
FNDA:1,strcspn_9_fn
FNDA:1,strcspn_10_fn
FNDA:1,strcspn_11_fn
FNDA:1,test_memcmp_1_fn
FNDA:1,strcspn_12_fn
FNDA:1,test_strerror_1_fn
FNDA:1,test_strerror_2_fn
FNDA:1,test_strerror_3_fn
FNDA:1,test_strerror_4_fn
FNDA:1,test_strerror_5_fn
FNDA:1,all_std_errors_fn
FNDA:1,negative_err_code_fn
FNDA:1,test_strlen_1_fn
FNDA:1,test_strlen_2_fn
FNDA:1,test_memchr_3_fn
FNDA:1,test_strlen_3_fn
FNDA:1,test_strlen_4_fn
FNDA:1,test_strlen_5_fn
FNDA:1,empty_strlen_fn
FNDA:1,test_memcmp_2_fn
FNDA:1,abosal_fn
FNDA:1,num_fn
FNDA:1,string_strlen_fn
FNDA:1,abosal_no_dal_fn
FNDA:1,dai_mne_pen_fn
FNDA:1,Floppy_disk_fn
FNDA:1,Russky_kot_Shlepa_fn
FNDA:1,kot_Vasily_fn
FNDA:1,floppa_fn
FNDA:1,strlen_1_fn
FNDA:1,strlen_2_fn
FNDA:1,strlen_3_fn
FNDA:1,test_memcmp_3_fn
FNDA:1,strlen_4_fn
FNDA:1,strlen_5_fn
FNDA:1,strlen_6_fn
FNDA:1,strlen_7_fn
FNDA:1,strlen_8_fn
FNDA:1,strlen_9_fn
FNDA:1,strlen_10_fn
FNDA:1,strlen_11_fn
FNDA:1,strlen_12_fn
FNDA:1,strlen_13_fn
FNDA:1,strlen_14_fn
FNDA:1,test_strpbrk_1_fn
FNDA:1,test_strpbrk_2_fn
FNDA:1,test_strpbrk_3_fn
FNDA:1,test_strpbrk_4_fn
FNDA:1,test_memcmp_4_fn
FNDA:1,test_strpbrk_5_fn
FNDA:1,empty_strpbrk_fn
FNDA:1,floppy__fn
FNDA:1,_floppy_fn
FNDA:1,poki_doki_o_fn
FNDA:1,poki_doki_i_fn
FNDA:1,poki_doki_p_fn
FNDA:1,find_big_P_fn
FNDA:1,find_zero_fn
FNDA:1,strpbrk_1_fn
FNDA:1,strpbrk_2_fn
FNDA:1,strpbrk_3_fn
FNDA:1,test_memcmp_5_fn
FNDA:1,strpbrk_4_fn
FNDA:1,strpbrk_5_fn
FNDA:1,strpbrk_6_fn
FNDA:1,test_strrchr_1_fn
FNDA:1,test_strrchr_2_fn
FNDA:1,test_strrchr_3_fn
FNDA:1,test_strrchr_4_fn
FNDA:1,test_strrchr_5_fn
FNDA:1,empty_strrchr_fn
FNDA:1,floppy__strrchr_fn
FNDA:1,_floppy_strrchr_fn
FNDA:1,poki_doki_o_strrchr_fn
FNDA:1,test_memcmp_from_another_users_fn
FNDA:1,poki_doki_i_strrchr_fn
FNDA:1,poki_doki_p_strrchr_fn
FNDA:1,find_big_P_strrchr_fn
FNDA:1,find_zero_strrchr_fn
FNDA:1,strrchr_1_fn
FNDA:1,strrchr_2_fn
FNDA:1,strrchr_3_fn
FNDA:1,strrchr_4_fn
FNDA:1,strrchr_5_fn
FNDA:1,strrchr_6_fn
FNDA:1,strrchr_7_fn
FNDA:1,strrchr_8_fn
FNDA:1,test_strstr_1_fn
FNDA:1,test_strstr_2_fn
FNDA:1,test_strstr_3_fn
FNDA:1,test_strstr_4_fn
FNDA:1,test_strstr_5_fn
FNDA:1,empty_string_haystack_and_needle_fn
FNDA:1,empty_string_haystack_fn
FNDA:1,empty_string_needle_fn
FNDA:1,toxic_test_fn
FNDA:1,not_word_in_haystack_fn
FNDA:1,words_with_any_register_fn
FNDA:1,repeated_words_fn
FNDA:1,word_at_end_fn
FNDA:1,one_simbol_in_needle_and_haystack_fn
FNDA:1,one_simbol_in_needle_fn
FNDA:1,one_simbol_in_haystack_fn
FNDA:1,strstr_1_fn
FNDA:1,strstr_2_fn
FNDA:1,strstr_3_fn
FNDA:1,strstr_4_fn
FNDA:1,strstr_5_fn
FNDA:1,strstr_6_fn
FNDA:1,strstr_7_fn
FNDA:1,strstr_8_fn
FNDA:1,strstr_9_fn
FNDA:1,strstr_10_fn
FNDA:1,strstr_11_fn
FNDA:1,strstr_12_fn
FNDA:1,strstr_13_fn
FNDA:1,test_strtok_1_fn
FNDA:1,test_strtok_2_fn
FNDA:1,test_strtok_3_fn
FNDA:1,test_strtok_4_fn
FNDA:1,test_strtok_5_fn
FNDA:1,correct_token_string_fn
FNDA:1,hard_token_string_fn
FNDA:1,test_memchr_4_fn
FNDA:1,unary_delimiters_fn
FNDA:1,no_delims_fn
FNDA:1,only_delims_fn
FNDA:1,too_many_uses_non_segfault_fn
FNDA:1,even_n_of_delims_fn
FNDA:1,odd_n_of_delims_fn
FNDA:1,mixed_n_of_delims_fn
FNDA:1,hard_mixed_fn
FNDA:1,zero_byte_fn
FNDA:1,mixed_hard_incorrect_fn
FNDA:1,very_hard_mixed_fn
FNDA:1,strtok_1_fn
FNDA:1,strtok_2_fn
FNDA:1,strtok_3_fn
FNDA:1,strtok_4_fn
FNDA:1,first_byte_in_string_fn
FNDA:1,strtok_5_fn
FNDA:1,strtok_6_fn
FNDA:1,strtok_7_fn
FNDA:1,strtok_8_fn
FNDA:1,strtok_9_fn
FNDA:1,strtok_10_fn
FNDA:1,strtok_12_fn
FNDA:1,strtok_13_fn
FNDA:1,strtok_14_fn
FNDA:1,register_test_fn
FNDA:1,strtok_15_fn
FNDA:1,strtok_16_fn
FNDA:1,strtok_17_fn
FNDA:1,strtok_18_fn
FNDA:1,strtok_19_fn
FNDA:1,zero_byte_in_num_fn
FNDA:1,strtok_20_fn
FNDA:1,to_lower_test1_fn
FNDA:1,to_lower_test2_fn
FNDA:1,to_lower_test3_fn
FNDA:1,to_lower_test4_fn
FNDA:1,to_lower_test5_fn
FNDA:1,test_to_lower_1_fn
FNDA:1,test_to_lower_2_fn
FNDA:1,test_to_lower_3_fn
FNDA:1,test_to_lower_4_fn
FNDA:1,first_byte_in_num_fn
FNDA:1,test_to_lower_5_fn
FNDA:1,test_to_lower_6_fn
FNDA:1,test_to_lower_7_fn
FNDA:1,to_upper_test1_fn
FNDA:1,to_upper_test2_fn
FNDA:1,to_upper_test3_fn
FNDA:1,to_upper_test4_fn
FNDA:1,to_upper_test5_fn
FNDA:1,test_to_upper_1_fn
FNDA:1,test_to_upper_2_fn
FNDA:1,test_to_upper_3_fn
FNDA:1,test_to_upper_4_fn
FNDA:1,two_byte_in_num_fn
FNDA:1,test_to_upper_5_fn
FNDA:1,test_to_upper_6_fn
FNDA:1,test_to_upper_7_fn
FNDA:1,insert_test1_fn
FNDA:1,insert_test2_fn
FNDA:1,insert_test4_fn
FNDA:1,insert_test5_fn
FNDA:1,insert_str_null_fn
FNDA:1,two_byte_long_two_num_fn
FNDA:1,test_insert_1_fn
FNDA:1,test_memchr_5_fn
FNDA:1,test_insert_2_fn
FNDA:1,test_insert_3_fn
FNDA:1,test_insert_4_fn
FNDA:1,test_insert_5_fn
FNDA:1,test_insert_6_fn
FNDA:1,test_insert_7_fn
FNDA:1,test_insert_8_fn
FNDA:1,two_byte_long_first_num_fn
FNDA:1,all_empty_fn
FNDA:1,str_empty_fn
FNDA:1,trim_empty_fn
FNDA:1,trim_and_str_eq_fn
FNDA:1,trim_test1_fn
FNDA:1,trim_test2_fn
FNDA:1,trim_test3_fn
FNDA:1,trim_test4_fn
FNDA:1,eq_long_string_fn
FNDA:1,trim_test5_fn
FNDA:1,empty_spaces_fn
FNDA:1,s21_memchr_test
FNDA:1,s21_memcmp_test
FNDA:1,s21_memcpy_test
FNDA:1,not_eq_long_string_fn
FNDA:1,s21_memset_test
FNDA:1,s21_strncat_test
FNDA:1,s21_strchr_test
FNDA:1,memcmp_1_fn
FNDA:1,s21_strncmp_test
FNDA:1,s21_strncpy_test
FNDA:1,s21_strcspn_test
FNDA:1,memcmp_2_fn
FNDA:1,s21_strerror_test
FNDA:1,s21_strlen_test
FNDA:1,s21_strpbrk_test
FNDA:1,s21_strrchr_test
FNDA:1,s21_strstr_test
FNDA:1,memcmp_3_fn
FNDA:1,s21_strtok_test
FNDA:1,s21_to_lower_test
FNDA:1,s21_to_upper_test
FNDA:1,test_memchr_from_another_users_fn
FNDA:1,memcmp_4_fn
FNDA:1,s21_insert_test
FNDA:1,s21_trim_test
FNDA:1,memcmp_5_fn
FNDA:1,memcmp_6_fn
FNDA:1,memcmp_7_fn
FNDA:1,memcmp_8_fn
FNDA:1,memcmp_9_fn
FNDA:1,memcmp_10_fn
FNDA:1,memcmp_11_fn
FNDA:1,memcmp_12_fn
FNDA:1,test_memchr_1_fn
FNDA:1,memcmp_13_fn
FNDA:1,empty_str_fn
FNDA:1,memcmp_14_fn
FNDA:1,memcmp_15_fn
FNDA:1,memcmp_16_fn
FNDA:1,test_memcpy_1_fn
FNDA:1,test_memcpy_2_fn
FNDA:1,test_memcpy_3_fn
FNDA:1,test_memcpy_4_fn
FNDA:1,find_zero_in_string_fn
FNDA:1,test_memcpy_5_fn
FNDA:1,hate_test_fn
FNDA:1,zero_test_string_fn
FNDA:1,any_empty_fn
FNDA:1,zero_test_string_with_register_fn
FNDA:1,zero_test_num_fn
FNDA:1,one_byte_string_fn
FNDA:1,one_byte_string_with_register_fn
FNDA:1,find_simbol_in_string_in_start_fn
FNDA:1,one_byte_num_fn
FNDA:1,basic_long_string_fn
FNDA:1,long_string_with_register_fn
FNDA:1,long_string_with_register_and_num_fn
FNDA:1,long_string_with_register_and_num_and_simbol_fn
FNDA:1,memcpy_1_fn
FNDA:1,memcpy_2_fn
FNDA:1,memcpy_3_fn
FNDA:1,memcpy_4_fn
FNDA:1,find_simbol_in_string_in_end_fn
FNDA:1,memcpy_5_fn
FNDA:1,memcpy_6_fn
FNDA:1,memcpy_7_fn
FNDA:1,memcpy_8_fn
FNDA:1,memcpy_9_fn
FNDA:1,memcpy_10_fn
FNDA:1,test_memset_1_fn
FNDA:1,test_memset_2_fn
FNDA:1,test_memset_3_fn
FNDA:1,test_memset_4_fn
FNDA:1,find_num_in_string_in_mid_fn
FNDA:1,test_memset_5_fn
FNDA:1,aboba_test_fn
FNDA:1,empty_fn
FNDA:1,replace_on_register_sim_fn
FNDA:1,replace_on_register_num_fn
FNDA:1,long_string_fn
FNDA:1,memset_1_fn
FNDA:1,memset_2_fn
FNDA:1,find_num_in_array_num_fn
FNDA:1,memset_3_fn
FNDA:1,memset_4_fn
FNDA:1,memset_5_fn
FNDA:1,memset_6_fn
FNDA:1,test_strncat_1_fn
FNF:418
FNH:418
DA:5,1
DA:7,1
DA:8,1
DA:9,1
DA:10,1
DA:11,1
DA:13,1
DA:14,1
DA:15,1
DA:16,1
DA:17,1
DA:18,1
DA:20,1
DA:21,1
DA:22,1
DA:23,1
DA:24,1
DA:25,1
DA:27,1
DA:28,1
DA:29,1
DA:30,1
DA:31,1
DA:32,1
DA:34,1
DA:35,1
DA:36,1
DA:37,1
DA:38,1
DA:39,1
DA:41,1
DA:42,1
DA:43,6
DA:44,1
DA:46,1
DA:47,4
DA:48,1
DA:49,1
DA:51,1
DA:52,1
DA:53,1
DA:54,1
DA:56,1
DA:58,1
DA:60,1
DA:61,1
DA:62,1
DA:63,1
DA:65,1
DA:67,1
DA:69,1
DA:70,1
DA:71,1
DA:72,1
DA:74,1
DA:76,1
DA:78,1
DA:79,1
DA:80,1
DA:81,1
DA:83,1
DA:85,1
DA:87,1
DA:88,1
DA:89,1
DA:90,1
DA:92,1
DA:94,1
DA:96,1
DA:97,1
DA:98,1
DA:99,1
DA:101,1
DA:103,1
DA:105,1
DA:106,1
DA:107,1
DA:108,1
DA:110,1
DA:112,1
DA:114,1
DA:115,1
DA:116,1
DA:117,1
DA:119,1
DA:121,1
DA:123,1
DA:124,1
DA:125,1
DA:126,1
DA:127,1
DA:128,1
DA:130,1
DA:131,1
DA:132,1
DA:133,1
DA:134,1
DA:135,1
DA:137,1
DA:138,1
DA:139,1
DA:140,1
DA:141,1
DA:142,1
DA:144,1
DA:145,1
DA:146,1
DA:147,1
DA:148,1
DA:149,1
DA:151,1
DA:152,1
DA:153,1
DA:154,1
DA:155,1
DA:156,1
DA:158,1
DA:159,1
DA:160,1
DA:161,1
DA:162,1
DA:163,1
DA:165,1
DA:166,1
DA:167,1
DA:168,1
DA:169,1
DA:170,1
DA:172,1
DA:173,1
DA:174,1
DA:175,1
DA:176,1
DA:177,1
DA:179,1
DA:180,1
DA:181,1
DA:182,1
DA:183,1
DA:184,1
DA:186,1
DA:187,1
DA:188,1
DA:189,1
DA:190,1
DA:191,1
DA:194,1
DA:195,1
DA:196,1
DA:197,1
DA:198,1
DA:199,1
DA:200,1
DA:202,1
DA:203,1
DA:204,1
DA:205,1
DA:206,1
DA:207,1
DA:209,1
DA:210,1
DA:211,1
DA:212,1
DA:213,1
DA:214,1
DA:215,1
DA:217,1
DA:218,1
DA:219,1
DA:220,1
DA:221,1
DA:222,1
DA:223,1
DA:225,1
DA:226,1
DA:227,1
DA:228,1
DA:229,1
DA:230,1
DA:231,1
DA:233,1
DA:234,1
DA:235,1
DA:236,1
DA:237,1
DA:238,1
DA:240,1
DA:241,1
DA:242,1
DA:243,1
DA:245,1
DA:246,1
DA:247,1
DA:248,1
DA:249,1
DA:251,1
DA:252,1
DA:253,1
DA:254,1
DA:255,1
DA:257,1
DA:258,1
DA:259,1
DA:260,1
DA:262,1
DA:263,1
DA:264,1
DA:265,1
DA:266,1
DA:268,1
DA:269,1
DA:270,1
DA:271,1
DA:273,1
DA:274,1
DA:275,1
DA:276,1
DA:278,1
DA:279,1
DA:280,1
DA:281,1
DA:282,1
DA:284,1
DA:285,1
DA:286,1
DA:287,1
DA:288,1
DA:289,1
DA:291,1
DA:292,1
DA:293,1
DA:294,1
DA:296,1
DA:297,1
DA:299,1
DA:300,1
DA:301,1
DA:302,1
DA:304,1
DA:305,1
DA:307,1
DA:308,1
DA:309,1
DA:310,1
DA:312,1
DA:313,1
DA:315,1
DA:316,1
DA:317,1
DA:318,1
DA:320,1
DA:321,1
DA:323,1
DA:324,1
DA:325,1
DA:326,1
DA:328,1
DA:329,1
DA:331,1
DA:332,1
DA:333,1
DA:334,1
DA:336,1
DA:337,1
DA:339,1
DA:340,1
DA:341,1
DA:342,1
DA:344,1
DA:345,1
DA:346,1
DA:348,1
DA:349,1
DA:350,1
DA:351,1
DA:353,1
DA:354,1
DA:355,1
DA:357,1
DA:358,1
DA:360,1
DA:362,1
DA:364,1
DA:365,1
DA:367,1
DA:368,1
DA:370,1
DA:372,1
DA:374,1
DA:375,1
DA:377,1
DA:378,1
DA:379,1
DA:380,1
DA:381,1
DA:382,1
DA:383,1
DA:384,1
DA:385,1
DA:386,1
DA:388,1
DA:389,1
DA:390,1
DA:391,1
DA:392,1
DA:393,1
DA:394,1
DA:395,1
DA:396,1
DA:397,1
DA:399,1
DA:400,1
DA:401,1
DA:402,1
DA:403,1
DA:404,1
DA:405,1
DA:406,1
DA:407,1
DA:408,1
DA:410,1
DA:411,1
DA:412,1
DA:413,1
DA:414,1
DA:415,1
DA:416,1
DA:417,1
DA:418,1
DA:419,1
DA:421,1
DA:422,1
DA:423,1
DA:424,1
DA:425,1
DA:426,1
DA:427,1
DA:428,1
DA:429,1
DA:430,1
DA:432,1
DA:433,1
DA:434,1
DA:435,1
DA:436,1
DA:437,1
DA:438,1
DA:439,1
DA:440,1
DA:441,1
DA:443,1
DA:444,1
DA:445,1
DA:446,1
DA:447,1
DA:448,1
DA:449,1
DA:450,1
DA:451,1
DA:452,1
DA:454,1
DA:455,1
DA:456,1
DA:457,1
DA:458,1
DA:459,1
DA:460,1
DA:461,1
DA:462,1
DA:463,1
DA:465,1
DA:466,1
DA:467,1
DA:468,1
DA:469,1
DA:470,1
DA:471,1
DA:472,1
DA:473,1
DA:474,1
DA:476,1
DA:477,1
DA:478,1
DA:479,1
DA:480,1
DA:481,1
DA:482,1
DA:483,1
DA:484,1
DA:485,1
DA:487,1
DA:488,1
DA:489,1
DA:490,1
DA:491,1
DA:492,1
DA:493,1
DA:494,1
DA:495,1
DA:496,1
DA:498,1
DA:499,1
DA:500,1
DA:501,1
DA:502,1
DA:503,1
DA:504,1
DA:505,1
DA:506,1
DA:507,1
DA:509,1
DA:510,1
DA:511,1
DA:512,1
DA:513,1
DA:514,1
DA:515,1
DA:516,1
DA:517,1
DA:518,1
DA:520,1
DA:521,1
DA:524,1
DA:527,1
DA:528,1
DA:529,1
DA:530,1
DA:531,1
DA:532,1
DA:533,1
DA:535,1
DA:536,1
DA:539,1
DA:542,1
DA:543,1
DA:544,1
DA:545,1
DA:546,1
DA:547,1
DA:548,1
DA:550,1
DA:551,1
DA:552,1
DA:553,1
DA:554,1
DA:555,1
DA:556,1
DA:557,1
DA:558,1
DA:559,1
DA:562,1
DA:563,1
DA:564,1
DA:565,1
DA:566,1
DA:567,1
DA:568,1
DA:569,1
DA:570,1
DA:572,1
DA:573,1
DA:574,1
DA:575,1
DA:576,1
DA:577,1
DA:578,1
DA:579,1
DA:580,1
DA:582,1
DA:583,1
DA:584,1
DA:585,1
DA:586,1
DA:587,1
DA:588,1
DA:589,1
DA:590,1
DA:592,1
DA:593,1
DA:594,1
DA:595,1
DA:596,1
DA:597,1
DA:598,1
DA:600,1
DA:601,1
DA:602,1
DA:603,1
DA:604,1
DA:605,1
DA:606,1
DA:608,1
DA:609,1
DA:610,1
DA:611,1
DA:612,1
DA:614,1
DA:615,1
DA:617,13
DA:618,1
DA:620,1
DA:621,1
DA:622,1
DA:623,1
DA:624,1
DA:626,1
DA:627,1
DA:629,1
DA:630,1
DA:632,1
DA:633,1
DA:634,1
DA:635,1
DA:636,1
DA:638,1
DA:639,1
DA:641,1
DA:642,1
DA:644,1
DA:645,1
DA:646,1
DA:647,1
DA:648,1
DA:650,1
DA:651,1
DA:653,1
DA:654,1
DA:656,1
DA:657,1
DA:658,1
DA:659,1
DA:660,1
DA:662,1
DA:663,1
DA:665,2
DA:666,1
DA:668,1
DA:669,1
DA:670,1
DA:671,1
DA:672,1
DA:674,1
DA:675,1
DA:677,2
DA:678,1
DA:680,1
DA:681,1
DA:682,1
DA:683,1
DA:684,1
DA:686,1
DA:687,1
DA:689,2
DA:690,1
DA:692,1
DA:693,1
DA:694,1
DA:695,1
DA:696,1
DA:698,1
DA:699,1
DA:701,2
DA:702,1
DA:704,1
DA:705,1
DA:706,1
DA:707,1
DA:708,1
DA:710,1
DA:711,1
DA:713,29
DA:714,1
DA:716,1
DA:717,1
DA:718,1
DA:719,1
DA:720,1
DA:722,1
DA:723,1
DA:725,37
DA:726,1
DA:728,1
DA:729,1
DA:730,1
DA:731,1
DA:732,1
DA:734,1
DA:735,1
DA:737,54
DA:738,1
DA:740,1
DA:741,1
DA:743,1
DA:744,1
DA:745,1
DA:747,1
DA:748,1
DA:750,65
DA:751,1
DA:753,1
DA:754,1
DA:755,1
DA:756,1
DA:757,1
DA:758,1
DA:759,1
DA:761,1
DA:762,1
DA:763,1
DA:764,1
DA:765,1
DA:766,1
DA:767,1
DA:769,1
DA:770,1
DA:771,1
DA:772,1
DA:773,1
DA:774,1
DA:775,1
DA:777,1
DA:778,1
DA:779,1
DA:780,1
DA:781,1
DA:782,1
DA:783,1
DA:785,1
DA:786,1
DA:787,1
DA:788,1
DA:789,1
DA:790,1
DA:791,1
DA:793,1
DA:794,1
DA:795,1
DA:796,1
DA:797,1
DA:798,1
DA:799,1
DA:801,1
DA:802,1
DA:803,1
DA:804,1
DA:805,1
DA:806,1
DA:807,1
DA:809,1
DA:810,1
DA:811,1
DA:812,1
DA:813,1
DA:814,1
DA:815,1
DA:817,1
DA:818,1
DA:819,1
DA:820,1
DA:821,1
DA:822,1
DA:823,1
DA:825,1
DA:826,1
DA:827,1
DA:828,1
DA:829,1
DA:830,1
DA:831,1
DA:834,1
DA:835,1
DA:836,1
DA:837,1
DA:838,1
DA:839,1
DA:840,1
DA:841,1
DA:842,1
DA:844,1
DA:845,1
DA:846,1
DA:847,1
DA:848,1
DA:849,1
DA:850,1
DA:851,1
DA:852,1
DA:854,1
DA:855,1
DA:856,1
DA:857,1
DA:858,1
DA:859,1
DA:860,1
DA:861,1
DA:862,1
DA:864,1
DA:865,1
DA:866,1
DA:867,1
DA:868,1
DA:869,1
DA:870,1
DA:871,1
DA:872,1
DA:874,1
DA:875,1
DA:876,1
DA:877,1
DA:878,1
DA:879,1
DA:880,1
DA:881,1
DA:882,1
DA:884,1
DA:885,1
DA:886,1
DA:887,1
DA:888,1
DA:890,1
DA:891,1
DA:893,1
DA:894,1
DA:896,1
DA:897,1
DA:898,1
DA:899,1
DA:900,1
DA:902,1
DA:903,1
DA:905,1
DA:906,1
DA:908,1
DA:909,1
DA:910,1
DA:911,1
DA:912,1
DA:914,1
DA:915,1
DA:917,1
DA:918,1
DA:920,1
DA:921,1
DA:922,1
DA:923,1
DA:924,1
DA:926,1
DA:927,1
DA:929,1
DA:930,1
DA:932,1
DA:933,1
DA:936,1
DA:939,1
DA:940,1
DA:942,1
DA:943,1
DA:945,1
DA:946,1
DA:948,1
DA:949,1
DA:950,1
DA:951,1
DA:952,1
DA:953,1
DA:954,1
DA:955,1
DA:956,1
DA:958,1
DA:959,1
DA:960,1
DA:961,1
DA:962,1
DA:963,1
DA:964,1
DA:966,1
DA:967,1
DA:968,1
DA:969,1
DA:970,1
DA:971,1
DA:972,1
DA:974,1
DA:975,1
DA:976,1
DA:977,1
DA:978,1
DA:979,1
DA:980,1
DA:982,1
DA:983,1
DA:984,1
DA:985,1
DA:986,1
DA:987,1
DA:988,1
DA:990,1
DA:991,1
DA:992,1
DA:993,1
DA:994,1
DA:995,1
DA:996,1
DA:999,1
DA:1000,1
DA:1001,1
DA:1002,1
DA:1003,1
DA:1004,1
DA:1005,1
DA:1006,1
DA:1007,1
DA:1008,1
DA:1010,1
DA:1011,1
DA:1012,1
DA:1013,1
DA:1014,1
DA:1015,1
DA:1016,1
DA:1017,1
DA:1018,1
DA:1019,1
DA:1021,1
DA:1022,1
DA:1023,1
DA:1024,1
DA:1025,1
DA:1026,1
DA:1027,1
DA:1028,1
DA:1029,1
DA:1030,1
DA:1032,1
DA:1033,1
DA:1034,1
DA:1035,1
DA:1036,1
DA:1037,1
DA:1038,1
DA:1039,1
DA:1040,1
DA:1041,1
DA:1043,1
DA:1044,1
DA:1045,1
DA:1046,1
DA:1047,1
DA:1048,1
DA:1049,1
DA:1050,1
DA:1051,1
DA:1052,1
DA:1054,1
DA:1055,1
DA:1056,1
DA:1057,1
DA:1059,1
DA:1060,1
DA:1062,1
DA:1063,1
DA:1065,1
DA:1066,1
DA:1067,1
DA:1068,1
DA:1070,1
DA:1071,1
DA:1073,1
DA:1074,1
DA:1076,1
DA:1077,1
DA:1078,1
DA:1079,1
DA:1081,1
DA:1082,1
DA:1084,1
DA:1085,1
DA:1087,1
DA:1088,1
DA:1089,1
DA:1090,1
DA:1092,1
DA:1093,1
DA:1095,1
DA:1096,1
DA:1098,1
DA:1099,1
DA:1100,1
DA:1101,1
DA:1103,1
DA:1104,1
DA:1106,1
DA:1107,1
DA:1109,1
DA:1110,1
DA:1112,1
DA:1113,1
DA:1115,1
DA:1116,1
DA:1118,1
DA:1119,1
DA:1121,1
DA:1122,1
DA:1123,1
DA:1124,1
DA:1125,1
DA:1126,1
DA:1127,1
DA:1129,1
DA:1130,1
DA:1131,1
DA:1132,1
DA:1133,1
DA:1134,1
DA:1135,1
DA:1137,1
DA:1138,1
DA:1139,1
DA:1140,1
DA:1141,1
DA:1142,1
DA:1143,1
DA:1145,1
DA:1146,1
DA:1147,1
DA:1148,1
DA:1149,1
DA:1150,1
DA:1151,1
DA:1153,1
DA:1154,1
DA:1155,1
DA:1156,1
DA:1157,1
DA:1158,1
DA:1159,1
DA:1161,1
DA:1162,1
DA:1163,1
DA:1164,1
DA:1166,1
DA:1167,1
DA:1168,1
DA:1170,1
DA:1171,1
DA:1172,1
DA:1173,1
DA:1174,1
DA:1175,1
DA:1176,1
DA:1178,1
DA:1179,1
DA:1180,1
DA:1181,1
DA:1182,1
DA:1183,1
DA:1184,1
DA:1186,1
DA:1187,1
DA:1188,1
DA:1189,1
DA:1190,1
DA:1191,1
DA:1192,1
DA:1194,1
DA:1195,1
DA:1196,1
DA:1197,1
DA:1198,1
DA:1199,1
DA:1200,1
DA:1202,1
DA:1203,1
DA:1204,1
DA:1205,1
DA:1206,1
DA:1207,1
DA:1208,1
DA:1210,1
DA:1211,1
DA:1212,1
DA:1213,1
DA:1214,1
DA:1215,1
DA:1216,1
DA:1218,1
DA:1219,1
DA:1220,1
DA:1221,1
DA:1222,1
DA:1223,1
DA:1224,1
DA:1226,1
DA:1227,1
DA:1228,1
DA:1229,1
DA:1230,1
DA:1231,1
DA:1232,1
DA:1234,1
DA:1235,1
DA:1236,1
DA:1237,1
DA:1238,1
DA:1239,1
DA:1240,1
DA:1243,1
DA:1244,1
DA:1245,1
DA:1246,1
DA:1247,1
DA:1249,1
DA:1250,1
DA:1251,1
DA:1252,1
DA:1253,1
DA:1255,1
DA:1256,1
DA:1257,1
DA:1258,1
DA:1259,1
DA:1261,1
DA:1262,1
DA:1263,1
DA:1264,1
DA:1265,1
DA:1267,1
DA:1268,1
DA:1269,1
DA:1270,1
DA:1271,1
DA:1273,1
DA:1274,1
DA:1275,1
DA:1277,1
DA:1278,1
DA:1280,1
DA:1281,1
DA:1282,1
DA:1284,1
DA:1285,1
DA:1287,1
DA:1288,1
DA:1289,1
DA:1291,1
DA:1292,1
DA:1294,1
DA:1295,1
DA:1296,1
DA:1298,1
DA:1299,1
DA:1301,1
DA:1302,1
DA:1303,1
DA:1305,1
DA:1306,1
DA:1316,1
DA:1317,1
DA:1318,1
DA:1319,1
DA:1320,1
DA:1322,1
DA:1323,1
DA:1324,1
DA:1325,1
DA:1326,1
DA:1328,1
DA:1329,1
DA:1330,1
DA:1331,1
DA:1332,1
DA:1334,1
DA:1335,1
DA:1336,1
DA:1337,1
DA:1338,1
DA:1340,1
DA:1341,1
DA:1342,1
DA:1343,1
DA:1344,1
DA:1346,1
DA:1347,1
DA:1348,1
DA:1349,1
DA:1350,1
DA:1352,1
DA:1353,1
DA:1354,1
DA:1355,1
DA:1356,1
DA:1358,1
DA:1359,1
DA:1360,1
DA:1361,1
DA:1362,1
DA:1365,1
DA:1366,1
DA:1367,1
DA:1368,1
DA:1369,1
DA:1370,1
DA:1372,1
DA:1373,1
DA:1374,1
DA:1375,1
DA:1376,1
DA:1377,1
DA:1379,1
DA:1380,1
DA:1381,1
DA:1382,1
DA:1383,1
DA:1384,1
DA:1386,1
DA:1387,1
DA:1388,1
DA:1389,1
DA:1390,1
DA:1391,1
DA:1393,1
DA:1394,1
DA:1395,1
DA:1396,1
DA:1397,1
DA:1398,1
DA:1400,1
DA:1401,1
DA:1402,1
DA:1403,1
DA:1405,1
DA:1406,1
DA:1408,1
DA:1409,1
DA:1411,1
DA:1412,1
DA:1413,1
DA:1414,1
DA:1416,1
DA:1417,1
DA:1419,1
DA:1420,1
DA:1422,1
DA:1423,1
DA:1424,1
DA:1425,1
DA:1427,1
DA:1428,1
DA:1430,1
DA:1431,1
DA:1433,1
DA:1434,1
DA:1435,1
DA:1436,1
DA:1438,1
DA:1439,1
DA:1441,1
DA:1442,1
DA:1444,1
DA:1445,1
DA:1447,1
DA:1448,1
DA:1449,1
DA:1450,1
DA:1452,1
DA:1453,1
DA:1455,1
DA:1456,1
DA:1458,1
DA:1459,1
DA:1460,1
DA:1461,1
DA:1462,1
DA:1463,1
DA:1464,1
DA:1465,1
DA:1466,1
DA:1467,1
DA:1469,1
DA:1470,1
DA:1471,1
DA:1472,1
DA:1473,1
DA:1474,1
DA:1475,1
DA:1476,1
DA:1477,1
DA:1478,1
DA:1480,1
DA:1481,1
DA:1482,1
DA:1483,1
DA:1484,1
DA:1485,1
DA:1486,1
DA:1487,1
DA:1488,1
DA:1489,1
DA:1491,1
DA:1492,1
DA:1493,1
DA:1494,1
DA:1495,1
DA:1496,1
DA:1497,1
DA:1498,1
DA:1499,1
DA:1500,1
DA:1502,1
DA:1503,1
DA:1504,1
DA:1505,1
DA:1506,1
DA:1507,1
DA:1508,1
DA:1509,1
DA:1510,1
DA:1511,1
DA:1513,1
DA:1514,1
DA:1515,1
DA:1516,1
DA:1517,1
DA:1518,1
DA:1519,1
DA:1520,1
DA:1521,1
DA:1522,1
DA:1524,1
DA:1525,1
DA:1526,1
DA:1527,1
DA:1528,1
DA:1529,1
DA:1530,1
DA:1531,1
DA:1532,1
DA:1533,1
DA:1535,1
DA:1536,1
DA:1537,1
DA:1538,1
DA:1539,1
DA:1540,1
DA:1541,1
DA:1542,1
DA:1543,1
DA:1544,1
DA:1546,1
DA:1547,1
DA:1548,1
DA:1549,1
DA:1550,1
DA:1551,1
DA:1552,1
DA:1553,1
DA:1554,1
DA:1555,1
DA:1558,1
DA:1559,1
DA:1560,1
DA:1561,1
DA:1562,1
DA:1563,1
DA:1564,1
DA:1565,1
DA:1566,1
DA:1567,1
DA:1569,1
DA:1570,1
DA:1571,1
DA:1572,1
DA:1573,1
DA:1574,1
DA:1575,1
DA:1576,1
DA:1577,1
DA:1578,1
DA:1580,1
DA:1581,1
DA:1582,1
DA:1583,1
DA:1584,1
DA:1585,1
DA:1586,1
DA:1587,1
DA:1588,1
DA:1589,1
DA:1591,1
DA:1592,1
DA:1593,1
DA:1594,1
DA:1595,1
DA:1596,1
DA:1597,1
DA:1598,1
DA:1599,1
DA:1600,1
DA:1602,1
DA:1603,1
DA:1604,1
DA:1605,1
DA:1606,1
DA:1607,1
DA:1608,1
DA:1609,1
DA:1610,1
DA:1611,1
DA:1613,1
DA:1614,1
DA:1615,1
DA:1616,1
DA:1617,1
DA:1619,1
DA:1620,1
DA:1622,1
DA:1623,1
DA:1625,1
DA:1626,1
DA:1627,1
DA:1628,1
DA:1629,1
DA:1631,1
DA:1632,1
DA:1634,1
DA:1635,1
DA:1637,1
DA:1638,1
DA:1639,1
DA:1640,1
DA:1641,1
DA:1643,1
DA:1644,1
DA:1646,1
DA:1647,1
DA:1649,1
DA:1650,1
DA:1651,1
DA:1652,1
DA:1653,1
DA:1655,1
DA:1656,1
DA:1658,1
DA:1659,1
DA:1661,1
DA:1662,1
DA:1663,1
DA:1664,1
DA:1665,1
DA:1667,1
DA:1668,1
DA:1670,1
DA:1671,1
DA:1673,1
DA:1674,1
DA:1675,1
DA:1676,1
DA:1677,1
DA:1679,1
DA:1680,1
DA:1682,1
DA:1683,1
DA:1685,1
DA:1686,1
DA:1687,1
DA:1688,1
DA:1689,1
DA:1690,1
DA:1691,1
DA:1693,1
DA:1694,1
DA:1695,1
DA:1696,1
DA:1697,1
DA:1698,1
DA:1699,1
DA:1701,1
DA:1702,1
DA:1703,1
DA:1704,1
DA:1705,1
DA:1706,1
DA:1707,1
DA:1709,1
DA:1710,1
DA:1711,1
DA:1712,1
DA:1713,1
DA:1714,1
DA:1715,1
DA:1717,1
DA:1718,1
DA:1719,1
DA:1720,1
DA:1722,1
DA:1723,1
DA:1724,1
DA:1726,1
DA:1727,1
DA:1728,1
DA:1729,1
DA:1730,1
DA:1731,1
DA:1732,1
DA:1735,1
DA:1736,1
DA:1737,1
DA:1738,1
DA:1739,1
DA:1741,1
DA:1742,1
DA:1743,1
DA:1744,1
DA:1745,1
DA:1747,1
DA:1748,1
DA:1749,1
DA:1750,1
DA:1751,1
DA:1753,1
DA:1754,1
DA:1755,1
DA:1756,1
DA:1757,1
DA:1759,1
DA:1760,1
DA:1761,1
DA:1762,1
DA:1763,1
DA:1765,1
DA:1766,1
DA:1767,1
DA:1769,1
DA:1770,1
DA:1772,1
DA:1773,1
DA:1774,1
DA:1776,1
DA:1777,1
DA:1779,1
DA:1780,1
DA:1781,1
DA:1783,1
DA:1784,1
DA:1786,1
DA:1787,1
DA:1788,1
DA:1790,1
DA:1791,1
DA:1793,1
DA:1794,1
DA:1795,1
DA:1797,1
DA:1798,1
DA:1800,1
DA:1801,1
DA:1802,1
DA:1804,1
DA:1805,1
DA:1807,1
DA:1808,1
DA:1809,1
DA:1811,1
DA:1812,1
DA:1814,1
DA:1815,1
DA:1816,1
DA:1818,1
DA:1819,1
DA:1821,1
DA:1822,1
DA:1823,1
DA:1825,1
DA:1826,1
DA:1828,1
DA:1829,1
DA:1830,1
DA:1832,1
DA:1833,1
DA:1835,1
DA:1836,1
DA:1837,1
DA:1839,1
DA:1840,1
DA:1842,1
DA:1843,1
DA:1844,1
DA:1846,1
DA:1847,1
DA:1849,1
DA:1850,1
DA:1851,1
DA:1853,1
DA:1854,1
DA:1856,1
DA:1857,1
DA:1858,1
DA:1860,1
DA:1861,1
DA:1863,1
DA:1864,1
DA:1867,1
DA:1871,1
DA:1872,1
DA:1874,1
DA:1875,1
DA:1877,1
DA:1878,1
DA:1879,1
DA:1881,1
DA:1882,1
DA:1884,1
DA:1886,1
DA:1887,1
DA:1889,1
DA:1890,1
DA:1891,1
DA:1892,1
DA:1893,1
DA:1895,1
DA:1896,1
DA:1897,1
DA:1898,1
DA:1899,1
DA:1901,1
DA:1902,1
DA:1903,1
DA:1904,1
DA:1905,1
DA:1907,1
DA:1908,1
DA:1909,1
DA:1910,1
DA:1911,1
DA:1913,1
DA:1914,1
DA:1915,1
DA:1916,1
DA:1917,1
DA:1919,1
DA:1920,1
DA:1921,1
DA:1922,1
DA:1923,1
DA:1925,1
DA:1926,1
DA:1927,1
DA:1928,1
DA:1929,1
DA:1931,1
DA:1932,1
DA:1933,1
DA:1934,1
DA:1935,1
DA:1937,1
DA:1938,1
DA:1939,1
DA:1940,1
DA:1941,1
DA:1943,1
DA:1944,1
DA:1945,1
DA:1946,1
DA:1947,1
DA:1950,1
DA:1951,1
DA:1952,1
DA:1953,1
DA:1955,1
DA:1956,1
DA:1957,1
DA:1958,1
DA:1960,1
DA:1961,1
DA:1962,1
DA:1963,1
DA:1965,1
DA:1966,1
DA:1967,1
DA:1968,1
DA:1970,1
DA:1971,1
DA:1972,1
DA:1973,1
DA:1975,1
DA:1976,1151
DA:1977,1150
DA:1978,1150
DA:1979,1150
DA:1980,1150
DA:1981,1
DA:1983,1
DA:1984,1
DA:1985,1
DA:1986,1
DA:1987,1
DA:1990,1
DA:1991,1
DA:1992,1
DA:1993,1
DA:1995,1
DA:1996,1
DA:1997,1
DA:1998,1
DA:2000,1
DA:2001,1
DA:2002,1
DA:2003,1
DA:2005,1
DA:2006,1
DA:2007,1
DA:2008,1
DA:2010,1
DA:2011,1
DA:2012,1
DA:2013,1
DA:2015,1
DA:2016,1
DA:2018,1
DA:2019,1
DA:2021,1
DA:2022,1
DA:2024,1
DA:2025,1
DA:2027,1
DA:2028,1
DA:2030,1
DA:2031,1
DA:2033,1
DA:2034,1
DA:2037,1
DA:2038,1
DA:2040,1
DA:2041,1
DA:2043,1
DA:2044,1
DA:2046,1
DA:2047,1
DA:2049,1
DA:2050,1
DA:2052,1
DA:2053,1
DA:2055,1
DA:2056,1
DA:2058,1
DA:2059,1
DA:2061,1
DA:2062,1
DA:2064,1
DA:2065,1
DA:2067,1
DA:2068,1
DA:2070,1
DA:2071,1
DA:2073,1
DA:2074,1
DA:2076,1
DA:2077,1
DA:2078,1
DA:2079,1
DA:2081,1
DA:2082,1
DA:2085,1
DA:2086,1
DA:2088,1
DA:2089,1
DA:2090,1
DA:2091,1
DA:2093,1
DA:2094,1
DA:2095,1
DA:2096,1
DA:2098,1
DA:2099,1
DA:2101,1
DA:2102,1
DA:2104,1
DA:2105,1
DA:2106,1
DA:2107,1
DA:2109,1
DA:2110,1
DA:2111,1
DA:2112,1
DA:2114,1
DA:2115,1
DA:2116,1
DA:2117,1
DA:2119,1
DA:2120,1
DA:2121,1
DA:2122,1
DA:2124,1
DA:2125,1
DA:2126,1
DA:2127,1
DA:2129,1
DA:2130,1
DA:2131,1
DA:2132,1
DA:2134,1
DA:2135,1
DA:2136,1
DA:2137,1
DA:2139,1
DA:2140,1
DA:2141,1
DA:2142,1
DA:2144,1
DA:2145,1
DA:2146,1
DA:2147,1
DA:2150,1
DA:2151,1
DA:2152,1
DA:2153,1
DA:2154,1
DA:2156,1
DA:2157,1
DA:2158,1
DA:2159,1
DA:2160,1
DA:2162,1
DA:2163,1
DA:2164,1
DA:2165,1
DA:2166,1
DA:2168,1
DA:2169,1
DA:2170,1
DA:2171,1
DA:2172,1
DA:2174,1
DA:2175,1
DA:2176,1
DA:2177,1
DA:2178,1
DA:2180,1
DA:2181,1
DA:2182,1
DA:2184,1
DA:2185,1
DA:2187,1
DA:2188,1
DA:2189,1
DA:2191,1
DA:2192,1
DA:2194,1
DA:2195,1
DA:2196,1
DA:2198,1
DA:2199,1
DA:2201,1
DA:2202,1
DA:2203,1
DA:2205,1
DA:2206,1
DA:2208,1
DA:2209,1
DA:2210,1
DA:2212,1
DA:2213,1
DA:2215,1
DA:2216,1
DA:2217,1
DA:2219,1
DA:2220,1
DA:2222,1
DA:2223,1
DA:2224,1
DA:2226,1
DA:2227,1
DA:2229,1
DA:2230,1
DA:2231,1
DA:2233,1
DA:2234,1
DA:2236,1
DA:2237,1
DA:2238,1
DA:2239,1
DA:2240,1
DA:2242,1
DA:2243,1
DA:2244,1
DA:2245,1
DA:2246,1
DA:2248,1
DA:2249,1
DA:2250,1
DA:2251,1
DA:2252,1
DA:2254,1
DA:2255,1
DA:2256,1
DA:2257,1
DA:2258,1
DA:2260,1
DA:2261,1
DA:2262,1
DA:2263,1
DA:2264,1
DA:2266,1
DA:2267,1
DA:2268,1
DA:2269,1
DA:2270,1
DA:2273,1
DA:2274,1
DA:2275,1
DA:2276,1
DA:2277,1
DA:2279,1
DA:2280,1
DA:2281,1
DA:2282,1
DA:2283,1
DA:2285,1
DA:2286,1
DA:2287,1
DA:2288,1
DA:2289,1
DA:2291,1
DA:2292,1
DA:2293,1
DA:2294,1
DA:2295,1
DA:2297,1
DA:2298,1
DA:2299,1
DA:2300,1
DA:2301,1
DA:2303,1
DA:2304,1
DA:2305,1
DA:2307,1
DA:2308,1
DA:2310,1
DA:2311,1
DA:2312,1
DA:2314,1
DA:2315,1
DA:2317,1
DA:2318,1
DA:2319,1
DA:2321,1
DA:2322,1
DA:2324,1
DA:2325,1
DA:2326,1
DA:2328,1
DA:2329,1
DA:2331,1
DA:2332,1
DA:2333,1
DA:2335,1
DA:2336,1
DA:2338,1
DA:2339,1
DA:2340,1
DA:2342,1
DA:2343,1
DA:2345,1
DA:2346,1
DA:2347,1
DA:2349,1
DA:2350,1
DA:2352,1
DA:2353,1
DA:2354,1
DA:2356,1
DA:2357,1
DA:2359,1
DA:2360,1
DA:2361,1
DA:2362,1
DA:2363,1
DA:2365,1
DA:2366,1
DA:2367,1
DA:2368,1
DA:2369,1
DA:2371,1
DA:2372,1
DA:2373,1
DA:2374,1
DA:2375,1
DA:2377,1
DA:2378,1
DA:2379,1
DA:2380,1
DA:2381,1
DA:2383,1
DA:2384,1
DA:2385,1
DA:2386,1
DA:2387,1
DA:2389,1
DA:2390,1
DA:2391,1
DA:2392,1
DA:2393,1
DA:2395,1
DA:2396,1
DA:2397,1
DA:2398,1
DA:2399,1
DA:2401,1
DA:2402,1
DA:2403,1
DA:2404,1
DA:2405,1
DA:2408,1
DA:2409,1
DA:2410,1
DA:2411,1
DA:2412,1
DA:2414,1
DA:2415,1
DA:2416,1
DA:2417,1
DA:2418,1
DA:2420,1
DA:2421,1
DA:2422,1
DA:2423,1
DA:2424,1
DA:2426,1
DA:2427,1
DA:2428,1
DA:2429,1
DA:2430,1
DA:2432,1
DA:2433,1
DA:2434,1
DA:2435,1
DA:2436,1
DA:2438,1
DA:2439,1
DA:2440,1
DA:2442,1
DA:2443,1
DA:2445,1
DA:2446,1
DA:2447,1
DA:2449,1
DA:2450,1
DA:2452,1
DA:2453,1
DA:2454,1
DA:2456,1
DA:2457,1
DA:2459,1
DA:2460,1
DA:2461,1
DA:2463,1
DA:2464,1
DA:2466,1
DA:2467,1
DA:2468,1
DA:2470,1
DA:2471,1
DA:2473,1
DA:2474,1
DA:2475,1
DA:2477,1
DA:2478,1
DA:2480,1
DA:2481,1
DA:2482,1
DA:2484,1
DA:2485,1
DA:2487,1
DA:2488,1
DA:2489,1
DA:2491,1
DA:2492,1
DA:2494,1
DA:2495,1
DA:2496,1
DA:2498,1
DA:2499,1
DA:2501,1
DA:2502,1
DA:2504,1
DA:2506,1
DA:2507,1
DA:2509,1
DA:2510,1
DA:2511,1
DA:2513,1
DA:2514,1
DA:2516,1
DA:2517,1
DA:2518,1
DA:2519,1
DA:2520,1
DA:2522,1
DA:2523,1
DA:2524,1
DA:2525,1
DA:2526,1
DA:2528,1
DA:2529,1
DA:2530,1
DA:2531,1
DA:2532,1
DA:2534,1
DA:2535,1
DA:2537,1
DA:2538,1
DA:2539,1
DA:2541,1
DA:2542,1
DA:2543,1
DA:2544,1
DA:2545,1
DA:2547,1
DA:2548,1
DA:2549,1
DA:2550,1
DA:2551,1
DA:2553,1
DA:2554,1
DA:2555,1
DA:2556,1
DA:2557,1
DA:2559,1
DA:2560,1
DA:2561,1
DA:2562,1
DA:2563,1
DA:2565,1
DA:2566,1
DA:2567,1
DA:2568,1
DA:2569,1
DA:2571,1
DA:2572,1
DA:2573,1
DA:2574,1
DA:2575,1
DA:2577,1
DA:2578,1
DA:2579,1
DA:2580,1
DA:2581,1
DA:2583,1
DA:2584,1
DA:2585,1
DA:2586,1
DA:2587,1
DA:2589,1
DA:2590,1
DA:2591,1
DA:2592,1
DA:2593,1
DA:2596,1
DA:2597,1
DA:2598,1
DA:2599,1
DA:2600,1
DA:2601,1
DA:2602,1
DA:2603,6
DA:2604,5
DA:2605,5
DA:2606,5
DA:2608,1
DA:2609,1
DA:2611,1
DA:2612,1
DA:2613,1
DA:2614,1
DA:2615,1
DA:2616,1
DA:2617,1
DA:2618,6
DA:2619,5
DA:2620,5
DA:2621,5
DA:2623,1
DA:2624,1
DA:2626,1
DA:2627,1
DA:2628,1
DA:2629,1
DA:2630,1
DA:2631,1
DA:2632,1
DA:2633,4
DA:2634,3
DA:2635,3
DA:2636,3
DA:2638,1
DA:2639,1
DA:2641,1
DA:2642,1
DA:2643,1
DA:2644,1
DA:2645,1
DA:2646,1
DA:2647,1
DA:2648,2
DA:2649,1
DA:2650,1
DA:2651,1
DA:2653,1
DA:2654,1
DA:2656,1
DA:2657,1
DA:2658,1
DA:2659,1
DA:2660,1
DA:2661,1
DA:2662,1
DA:2663,4
DA:2664,3
DA:2665,3
DA:2666,3
DA:2668,1
DA:2669,1
DA:2671,1
DA:2672,1
DA:2673,1
DA:2674,1
DA:2676,1
DA:2677,1
DA:2679,1
DA:2680,1
DA:2682,5
DA:2683,4
DA:2684,4
DA:2688,4
DA:2689,3
DA:2690,3
DA:2691,1
DA:2692,1
DA:2695,1
DA:2697,1
DA:2698,1
DA:2699,1
DA:2700,1
DA:2702,1
DA:2703,1
DA:2705,1
DA:2706,1
DA:2708,6
DA:2709,5
DA:2710,5
DA:2714,5
DA:2715,4
DA:2716,4
DA:2717,1
DA:2718,1
DA:2721,1
DA:2723,1
DA:2724,1
DA:2725,1
DA:2726,1
DA:2728,1
DA:2729,1
DA:2731,1
DA:2732,1
DA:2734,6
DA:2735,5
DA:2736,5
DA:2740,5
DA:2741,4
DA:2742,4
DA:2743,1
DA:2744,1
DA:2747,1
DA:2749,1
DA:2750,1
DA:2751,1
DA:2752,1
DA:2754,1
DA:2755,1
DA:2757,1
DA:2758,1
DA:2760,2
DA:2761,1
DA:2762,1
DA:2764,1
DA:2765,1
DA:2767,1
DA:2769,1
DA:2770,1
DA:2771,1
DA:2772,1
DA:2774,1
DA:2775,1
DA:2777,1
DA:2778,1
DA:2779,1
DA:2781,1
DA:2782,1
DA:2783,1
DA:2784,1
DA:2786,1
DA:2787,1
DA:2789,1
DA:2790,1
DA:2792,1
DA:2793,6
DA:2794,5
DA:2795,5
DA:2796,5
DA:2800,5
DA:2801,2
DA:2802,2
DA:2803,3
DA:2804,3
DA:2807,1
DA:2809,1
DA:2810,1
DA:2811,1
DA:2812,1
DA:2814,1
DA:2815,1
DA:2817,1
DA:2818,1
DA:2820,6
DA:2821,5
DA:2822,5
DA:2826,5
DA:2827,4
DA:2828,4
DA:2829,1
DA:2830,1
DA:2833,1
DA:2835,1
DA:2836,1
DA:2837,1
DA:2838,1
DA:2840,1
DA:2841,1
DA:2843,1
DA:2844,1
DA:2846,4
DA:2847,3
DA:2848,3
DA:2852,3
DA:2853,2
DA:2854,2
DA:2855,1
DA:2856,1
DA:2859,1
DA:2861,1
DA:2862,1
DA:2863,1
DA:2864,1
DA:2866,1
DA:2867,1
DA:2869,1
DA:2870,1
DA:2872,5
DA:2873,4
DA:2874,4
DA:2878,4
DA:2879,3
DA:2880,3
DA:2881,1
DA:2882,1
DA:2885,1
DA:2887,1
DA:2888,1
DA:2889,1
DA:2890,1
DA:2892,1
DA:2893,1
DA:2895,1
DA:2896,1
DA:2898,5
DA:2899,4
DA:2900,4
DA:2904,4
DA:2905,3
DA:2906,3
DA:2907,1
DA:2908,1
DA:2911,1
DA:2913,1
DA:2914,1
DA:2915,1
DA:2916,1
DA:2918,1
DA:2919,1
DA:2921,1
DA:2922,1
DA:2924,8
DA:2925,7
DA:2926,7
DA:2930,7
DA:2931,6
DA:2932,6
DA:2933,1
DA:2934,1
DA:2937,1
DA:2939,1
DA:2940,1
DA:2941,1
DA:2942,1
DA:2944,1
DA:2945,1
DA:2947,1
DA:2948,1
DA:2950,8
DA:2951,7
DA:2952,7
DA:2954,7
DA:2955,6
DA:2956,6
DA:2957,6
DA:2958,1
DA:2959,1
DA:2962,1
DA:2964,1
DA:2965,1
DA:2966,1
DA:2967,1
DA:2968,1
DA:2969,1
DA:2971,1
DA:2972,1
DA:2973,1
DA:2974,1
DA:2975,1
DA:2976,1
DA:2978,1
DA:2979,1
DA:2980,1
DA:2981,1
DA:2982,1
DA:2983,1
DA:2985,1
DA:2986,1
DA:2987,1
DA:2988,1
DA:2989,1
DA:2990,1
DA:2992,1
DA:2993,1
DA:2994,1
DA:2995,1
DA:2996,1
DA:2997,1
DA:2999,1
DA:3000,1
DA:3001,1
DA:3002,1
DA:3004,1
DA:3005,1
DA:3007,1
DA:3008,1
DA:3009,1
DA:3010,1
DA:3011,1
DA:3012,1
DA:3014,1
DA:3015,1
DA:3016,1
DA:3017,1
DA:3018,1
DA:3019,1
DA:3021,1
DA:3022,1
DA:3023,1
DA:3024,1
DA:3025,1
DA:3026,1
DA:3028,1
DA:3029,1
DA:3030,1
DA:3031,1
DA:3032,1
DA:3033,1
DA:3042,1
DA:3043,1
DA:3044,1
DA:3045,1
DA:3046,1
DA:3047,1
DA:3049,1
DA:3050,1
DA:3051,1
DA:3052,1
DA:3053,1
DA:3054,1
DA:3056,1
DA:3057,6
DA:3058,5
DA:3059,5
DA:3060,1
DA:3061,1
DA:3062,1
DA:3063,1
DA:3065,1
DA:3066,1
DA:3067,1
DA:3068,1
DA:3069,1
DA:3070,1
DA:3072,1
DA:3073,6
DA:3074,5
DA:3075,5
DA:3076,1
DA:3077,1
DA:3078,1
DA:3079,1
DA:3081,1
DA:3082,1
DA:3083,1
DA:3084,1
DA:3085,1
DA:3086,1
DA:3088,1
DA:3089,6
DA:3090,5
DA:3091,5
DA:3092,1
DA:3093,1
DA:3094,1
DA:3095,1
DA:3097,1
DA:3098,1
DA:3099,1
DA:3102,1
DA:3103,1
DA:3105,1
DA:3108,1
DA:3113,1
DA:3115,1
DA:3116,1
DA:3117,1
DA:3118,1
DA:3119,1
DA:3120,1
DA:3121,1
DA:3122,1
DA:3123,1
DA:3124,1
DA:3126,1
DA:3127,1
DA:3128,1
DA:3129,1
DA:3130,1
DA:3131,1
DA:3132,1
DA:3133,1
DA:3134,1
DA:3135,1
DA:3136,1
DA:3137,1
DA:3139,1
DA:3140,1
DA:3141,1
DA:3142,1
DA:3143,1
DA:3144,1
DA:3146,1
DA:3147,1
DA:3149,1
DA:3150,1
DA:3151,1
DA:3152,1
DA:3154,1
DA:3155,1
DA:3156,1
DA:3157,1
DA:3158,1
DA:3159,1
DA:3160,1
DA:3161,1
DA:3162,1
DA:3163,1
DA:3164,1
DA:3165,1
DA:3168,1
DA:3169,1
DA:3170,1
DA:3171,1
DA:3172,1
DA:3173,1
DA:3175,1
DA:3176,1
DA:3177,1
DA:3178,1
DA:3179,1
DA:3180,1
DA:3182,1
DA:3183,1
DA:3184,1
DA:3185,1
DA:3186,1
DA:3187,1
DA:3189,1
DA:3190,1
DA:3191,1
DA:3192,1
DA:3193,1
DA:3194,1
DA:3196,1
DA:3197,1
DA:3198,1
DA:3199,1
DA:3200,1
DA:3201,1
DA:3203,1
DA:3204,1
DA:3205,1
DA:3206,1
DA:3207,1
DA:3208,1
DA:3210,1
DA:3211,1
DA:3212,1
DA:3213,1
DA:3214,1
DA:3215,1
DA:3217,1
DA:3218,1
DA:3219,1
DA:3220,1
DA:3221,1
DA:3222,1
DA:3224,1
DA:3225,1
DA:3226,1
DA:3227,1
DA:3228,1
DA:3229,1
DA:3231,1
DA:3232,1
DA:3233,1
DA:3234,1
DA:3235,1
DA:3236,1
DA:3238,1
DA:3239,1
DA:3240,1
DA:3241,1
DA:3242,1
DA:3243,1
DA:3245,1
DA:3246,1
DA:3247,1
DA:3248,1
DA:3249,1
DA:3250,1
DA:3253,1
DA:3254,1
DA:3255,1
DA:3256,1
DA:3257,1
DA:3258,1
DA:3260,1
DA:3261,1
DA:3262,1
DA:3263,1
DA:3264,1
DA:3265,1
DA:3267,1
DA:3268,1
DA:3269,1
DA:3270,1
DA:3271,1
DA:3272,1
DA:3274,1
DA:3275,1
DA:3276,1
DA:3277,1
DA:3278,1
DA:3279,1
DA:3281,1
DA:3282,1
DA:3283,1
DA:3284,1
DA:3285,1
DA:3286,1
DA:3288,1
DA:3289,1
DA:3290,1
DA:3291,1
DA:3292,1
DA:3293,1
DA:3295,1
DA:3296,1
DA:3297,1
DA:3298,1
DA:3299,1
DA:3300,1
DA:3302,1
DA:3303,1
DA:3304,1
DA:3305,1
DA:3306,1
DA:3307,1
DA:3309,1
DA:3310,1
DA:3311,1
DA:3312,1
DA:3313,1
DA:3314,1
DA:3316,1
DA:3317,1
DA:3318,1
DA:3319,1
DA:3320,1
DA:3321,1
DA:3323,1
DA:3324,1
DA:3325,1
DA:3326,1
DA:3327,1
DA:3328,1
DA:3330,1
DA:3331,1
DA:3332,1
DA:3333,1
DA:3334,1
DA:3335,1
DA:3338,1
DA:3339,1
DA:3340,1
DA:3341,1
DA:3342,1
DA:3343,1
DA:3344,1
DA:3345,1
DA:3346,1
DA:3348,1
DA:3349,1
DA:3350,1
DA:3351,1
DA:3352,1
DA:3353,1
DA:3354,1
DA:3355,1
DA:3356,1
DA:3368,1
DA:3369,1
DA:3370,1
DA:3371,1
DA:3372,1
DA:3373,1
DA:3374,1
DA:3375,1
DA:3376,1
DA:3378,1
DA:3379,1
DA:3380,1
DA:3381,1
DA:3382,1
DA:3383,1
DA:3384,1
DA:3385,1
DA:3386,1
DA:3388,1
DA:3389,1
DA:3390,1
DA:3391,1
DA:3392,1
DA:3393,1
DA:3394,1
DA:3395,1
DA:3396,1
DA:3398,1
DA:3399,1
DA:3400,1
DA:3401,1
DA:3402,1
DA:3403,1
DA:3404,1
DA:3405,1
DA:3406,1
DA:3408,1
DA:3409,1
DA:3410,1
DA:3411,1
DA:3412,1
DA:3413,1
DA:3414,1
DA:3415,1
DA:3416,1
DA:3418,1
DA:3419,1
DA:3420,1
DA:3421,1
DA:3422,1
DA:3423,1
DA:3424,1
DA:3425,1
DA:3426,1
DA:3428,1
DA:3429,1
DA:3430,1
DA:3431,1
DA:3432,1
DA:3433,1
DA:3434,1
DA:3435,1
DA:3436,1
DA:3438,1
DA:3439,1
DA:3440,1
DA:3441,1
DA:3442,1
DA:3443,1
DA:3444,1
DA:3445,1
DA:3446,1
DA:3448,1
DA:3449,1
DA:3450,1
DA:3451,1
DA:3452,1
DA:3453,1
DA:3454,1
DA:3455,1
DA:3456,1
DA:3458,1
DA:3459,1
DA:3460,1
DA:3461,1
DA:3462,1
DA:3463,1
DA:3464,1
DA:3465,1
DA:3466,1
DA:3468,1
DA:3469,1
DA:3470,1
DA:3471,1
DA:3472,1
DA:3473,1
DA:3474,1
DA:3475,1
DA:3476,1
DA:3499,1
DA:3500,1
DA:3501,1
DA:3502,1
DA:3503,1
DA:3504,1
DA:3505,1
DA:3506,1
DA:3508,1
DA:3509,1
DA:3510,1
DA:3511,1
DA:3512,1
DA:3513,1
DA:3514,1
DA:3515,1
DA:3517,1
DA:3518,1
DA:3519,1
DA:3520,1
DA:3521,1
DA:3522,1
DA:3523,1
DA:3524,1
DA:3526,1
DA:3527,1
DA:3528,1
DA:3529,1
DA:3530,1
DA:3531,1
DA:3532,1
DA:3533,1
DA:3535,1
DA:3536,1
DA:3537,1
DA:3538,1
DA:3539,1
DA:3540,1
DA:3541,1
DA:3542,1
DA:3544,1
DA:3545,1
DA:3546,1
DA:3547,1
DA:3548,1
DA:3549,1
DA:3550,1
DA:3551,1
DA:3553,1
DA:3554,1
DA:3555,1
DA:3556,1
DA:3557,1
DA:3558,1
DA:3559,1
DA:3560,1
DA:3562,1
DA:3563,1
DA:3564,1
DA:3565,1
DA:3566,1
DA:3567,1
DA:3568,1
DA:3569,1
DA:3571,1
DA:3572,1
DA:3573,1
DA:3574,1
DA:3575,1
DA:3576,1
DA:3577,1
DA:3578,1
DA:3580,1
DA:3581,1
DA:3582,1
DA:3583,1
DA:3584,1
DA:3585,1
DA:3586,1
DA:3587,1
DA:3590,1
DA:3591,1
DA:3594,1
DA:3597,1
DA:3599,1
DA:3600,1
DA:3601,1
DA:3602,1
DA:3603,1
DA:3604,1
DA:3605,1
DA:3606,1
DA:3607,1
DA:3608,1
DA:3609,1
DA:3610,1
DA:3611,1
DA:3612,1
DA:3613,1
DA:3614,1
DA:3615,1
DA:3616,1
DA:3617,1
DA:3618,1
DA:3619,1
DA:3620,1
DA:3621,1
DA:3622,1
DA:3624,1
DA:3627,1
DA:3628,1
DA:3629,1
DA:3631,1
DA:3632,1
DA:3633,1
DA:3634,1
DA:3635,1
DA:3636,1
DA:3637,1
DA:3638,1
DA:3639,1
DA:3640,1
DA:3641,1
DA:3642,1
DA:3643,1
DA:3644,1
DA:3645,1
DA:3646,1
DA:3647,1
DA:3648,1
DA:3649,1
DA:3650,1
DA:3651,1
DA:3652,1
DA:3653,1
DA:3654,1
DA:3655,1
DA:3656,1
DA:3657,1
DA:3658,1
DA:3659,1
DA:3660,1
DA:3661,1
DA:3662,1
DA:3663,1
DA:3665,1
DA:3668,1
DA:3669,1
DA:3670,1
DA:3671,1
DA:3672,1
DA:3673,1
DA:3674,1
DA:3675,1
DA:3676,1
DA:3677,1
DA:3678,1
DA:3679,1
DA:3680,1
DA:3681,1
DA:3682,1
DA:3683,1
DA:3684,1
DA:3685,1
DA:3686,1
DA:3687,1
DA:3688,1
DA:3690,1
DA:3691,1
DA:3692,1
DA:3693,1
DA:3694,1
DA:3695,1
DA:3696,1
DA:3697,1
DA:3698,1
DA:3699,1
DA:3701,1
DA:3704,1
DA:3705,1
DA:3706,1
DA:3707,1
DA:3708,1
DA:3709,1
DA:3710,1
DA:3711,1
DA:3712,1
DA:3713,1
DA:3714,1
DA:3715,1
DA:3716,1
DA:3717,1
DA:3718,1
DA:3719,1
DA:3720,1
DA:3721,1
DA:3722,1
DA:3723,1
DA:3725,1
DA:3728,1
DA:3729,1
DA:3730,1
DA:3731,1
DA:3732,1
DA:3733,1
DA:3734,1
DA:3735,1
DA:3736,1
DA:3737,1
DA:3738,1
DA:3739,1
DA:3740,1
DA:3741,1
DA:3742,1
DA:3743,1
DA:3744,1
DA:3745,1
DA:3746,1
DA:3747,1
DA:3748,1
DA:3749,1
DA:3750,1
DA:3751,1
DA:3752,1
DA:3753,1
DA:3754,1
DA:3755,1
DA:3756,1
DA:3757,1
DA:3759,1
DA:3762,1
DA:3763,1
DA:3764,1
DA:3765,1
DA:3766,1
DA:3767,1
DA:3768,1
DA:3769,1
DA:3770,1
DA:3771,1
DA:3772,1
DA:3773,1
DA:3774,1
DA:3775,1
DA:3776,1
DA:3777,1
DA:3778,1
DA:3779,1
DA:3780,1
DA:3781,1
DA:3782,1
DA:3783,1
DA:3785,1
DA:3788,1
DA:3789,1
DA:3790,1
DA:3791,1
DA:3792,1
DA:3793,1
DA:3794,1
DA:3795,1
DA:3796,1
DA:3797,1
DA:3798,1
DA:3799,1
DA:3800,1
DA:3801,1
DA:3802,1
DA:3803,1
DA:3804,1
DA:3805,1
DA:3806,1
DA:3807,1
DA:3808,1
DA:3809,1
DA:3810,1
DA:3812,1
DA:3815,1
DA:3816,1
DA:3817,1
DA:3818,1
DA:3819,1
DA:3820,1
DA:3821,1
DA:3822,1
DA:3823,1
DA:3824,1
DA:3825,1
DA:3826,1
DA:3827,1
DA:3828,1
DA:3829,1
DA:3830,1
DA:3831,1
DA:3832,1
DA:3833,1
DA:3834,1
DA:3835,1
DA:3837,1
DA:3840,1
DA:3841,1
DA:3842,1
DA:3843,1
DA:3844,1
DA:3845,1
DA:3846,1
DA:3847,1
DA:3848,1
DA:3849,1
DA:3850,1
DA:3851,1
DA:3852,1
DA:3853,1
DA:3854,1
DA:3855,1
DA:3856,1
DA:3857,1
DA:3858,1
DA:3859,1
DA:3860,1
DA:3861,1
DA:3862,1
DA:3863,1
DA:3864,1
DA:3865,1
DA:3866,1
DA:3867,1
DA:3868,1
DA:3869,1
DA:3870,1
DA:3871,1
DA:3872,1
DA:3873,1
DA:3874,1
DA:3875,1
DA:3877,1
DA:3880,1
DA:3881,1
DA:3882,1
DA:3883,1
DA:3884,1
DA:3885,1
DA:3886,1
DA:3887,1
DA:3888,1
DA:3889,1
DA:3890,1
DA:3892,1
DA:3895,1
DA:3896,1
DA:3897,1
DA:3898,1
DA:3899,1
DA:3900,1
DA:3901,1
DA:3902,1
DA:3903,1
DA:3904,1
DA:3905,1
DA:3906,1
DA:3907,1
DA:3908,1
DA:3909,1
DA:3910,1
DA:3911,1
DA:3912,1
DA:3913,1
DA:3914,1
DA:3915,1
DA:3916,1
DA:3917,1
DA:3918,1
DA:3919,1
DA:3920,1
DA:3921,1
DA:3922,1
DA:3923,1
DA:3924,1
DA:3925,1
DA:3926,1
DA:3927,1
DA:3929,1
DA:3932,1
DA:3933,1
DA:3934,1
DA:3935,1
DA:3936,1
DA:3937,1
DA:3938,1
DA:3939,1
DA:3940,1
DA:3941,1
DA:3942,1
DA:3943,1
DA:3944,1
DA:3945,1
DA:3946,1
DA:3947,1
DA:3948,1
DA:3949,1
DA:3950,1
DA:3951,1
DA:3952,1
DA:3953,1
DA:3954,1
DA:3956,1
DA:3959,1
DA:3960,1
DA:3961,1
DA:3962,1
DA:3963,1
DA:3964,1
DA:3965,1
DA:3966,1
DA:3967,1
DA:3968,1
DA:3969,1
DA:3970,1
DA:3971,1
DA:3972,1
DA:3973,1
DA:3974,1
DA:3975,1
DA:3976,1
DA:3977,1
DA:3978,1
DA:3979,1
DA:3980,1
DA:3981,1
DA:3982,1
DA:3983,1
DA:3985,1
DA:3988,1
DA:3989,1
DA:3990,1
DA:3991,1
DA:3992,1
DA:3993,1
DA:3994,1
DA:3995,1
DA:3996,1
DA:3997,1
DA:3998,1
DA:3999,1
DA:4000,1
DA:4001,1
DA:4002,1
DA:4003,1
DA:4004,1
DA:4005,1
DA:4006,1
DA:4007,1
DA:4008,1
DA:4009,1
DA:4010,1
DA:4011,1
DA:4012,1
DA:4013,1
DA:4014,1
DA:4015,1
DA:4016,1
DA:4017,1
DA:4018,1
DA:4019,1
DA:4020,1
DA:4022,1
DA:4025,1
DA:4026,1
DA:4027,1
DA:4028,1
DA:4029,1
DA:4030,1
DA:4031,1
DA:4032,1
DA:4033,1
DA:4034,1
DA:4035,1
DA:4036,1
DA:4037,1
DA:4038,1
DA:4039,1
DA:4040,1
DA:4041,1
DA:4042,1
DA:4043,1
DA:4044,1
DA:4045,1
DA:4046,1
DA:4047,1
DA:4048,1
DA:4049,1
DA:4050,1
DA:4051,1
DA:4052,1
DA:4053,1
DA:4054,1
DA:4055,1
DA:4057,1
DA:4058,1
DA:4059,1
DA:4060,1
DA:4061,1
DA:4062,1
DA:4063,1
DA:4064,1
DA:4065,1
DA:4067,1
DA:4070,1
DA:4071,1
DA:4072,1
DA:4073,1
DA:4074,1
DA:4075,1
DA:4076,1
DA:4077,1
DA:4078,1
DA:4079,1
DA:4080,1
DA:4081,1
DA:4082,1
DA:4083,1
DA:4084,1
DA:4085,1
DA:4087,1
DA:4090,1
DA:4091,1
DA:4092,1
DA:4093,1
DA:4094,1
DA:4095,1
DA:4096,1
DA:4097,1
DA:4098,1
DA:4099,1
DA:4100,1
DA:4101,1
DA:4102,1
DA:4103,1
DA:4104,1
DA:4105,1
DA:4107,1
DA:4110,1
DA:4111,1
DA:4112,1
DA:4113,1
DA:4114,1
DA:4115,1
DA:4117,1
DA:4118,1
DA:4119,1
DA:4120,1
DA:4121,1
DA:4122,1
DA:4123,1
DA:4124,1
DA:4125,1
DA:4126,1
DA:4127,1
DA:4131,1
DA:4134,1
DA:4135,1
DA:4136,1
DA:4137,1
DA:4138,1
DA:4139,1
DA:4140,1
DA:4141,1
DA:4142,1
DA:4143,1
DA:4144,1
DA:4145,1
DA:4146,1
DA:4147,1
DA:4149,1
LF:3315
LH:3315
end_of_record
TN:__s21_program_test_with_gcov
SF:/Users/valerasomov/PROGRAMMING/school21/01_С/C2_s21_stringplus-3/src/s21_tests_sprintf.c
FN:1008,1014,test_one_float_fn
FN:1016,1025,test_many_float_fn
FN:1027,1035,test_one_unsigned_dec_fn
FN:1037,1046,test_many_unsigned_dec_fn
FN:1048,1055,test_one_char_with_alignment_left_fn
FN:1057,1065,test_one_char_with_alignment_right_fn
FN:1067,1076,test_many_char_with_alignment_fn
FN:1079,1096,test_one_hex_lower_fn
FN:109,119,flags_long_int_fn
FN:1098,1116,test_one_hex_upper_fn
FN:1118,1126,test_many_hex_lower_fn
FN:1128,1136,test_many_hex_upper_fn
FN:1140,1158,test_one_hex_lower_with_alignment_left_fn
FN:1160,1178,test_one_hex_lower_with_alignment_right_fn
FN:1180,1199,test_one_hex_upper_with_alignment_left_fn
FN:1201,1219,test_one_hex_upper_with_alignment_right_fn
FN:121,130,flags_short_int_fn
FN:1221,1229,test_many_hex_lower_with_alignment_fn
FN:1231,1238,test_many_hex_upper_with_alignment_fn
FN:1242,1260,test_one_hex_with_hashtag_fn
FN:1262,1280,test_one_hex_upper_with_hashtag_fn
FN:1282,1291,test_many_hex_lower_with_hashtag_and_alignm_fn
FN:1293,1302,test_many_hex_upper_with_hashtag_and_alignm_fn
FN:1306,1325,test_one_hex_lower_with_width_star_fn
FN:132,142,flags_another_long_int_fn
FN:1327,1346,test_one_hex_upper_with_width_star_fn
FN:1348,1357,test_many_hex_lower_with_width_star_and_align_and_hashtag_fn
FN:1359,1368,test_many_hex_upper_with_width_star_fn
FN:1372,1380,test_one_hex_lower_with_precision_fn
FN:1382,1390,test_one_hex_upper_with_precision_fn
FN:1392,1403,test_many_hex_lower_with_precision_and_other_fn
FN:1405,1417,test_many_hex_upper_with_precision_and_other_fn
FN:1421,1452,test_one_hex_lower_with_length_fn
FN:144,155,zero_precision_zero_int_fn
FN:1454,1486,test_one_hex_upper_with_length_fn
FN:1488,1496,test_sprintf1_fn
FN:1498,1506,test_sprintf2_fn
FN:1508,1516,test_sprintf3_fn
FN:1518,1529,test_sprintf4_fn
FN:1531,1540,test_sprintf6_fn
FN:1542,1551,test_sprintf7_fn
FN:1553,1562,test_sprintf8_fn
FN:1564,1573,test_sprintf9_fn
FN:157,166,space_flag_int_fn
FN:1575,1584,test_sprintf10_fn
FN:1586,1595,test_sprintf11_fn
FN:1597,1608,test_sprintf12_fn
FN:1610,1619,test_sprintf14_fn
FN:1621,1630,test_sprintf15_fn
FN:1632,1640,test_sprintf16_fn
FN:1642,1651,test_sprintf17_fn
FN:1653,1662,test_sprintf18_fn
FN:1664,1673,test_sprintf19_fn
FN:1675,1684,test_sprintf20_fn
FN:168,177,unsigned_val_fn
FN:17,26,precise_int_fn
FN:1700,1709,test_sprintf25_fn
FN:1711,1719,test_sprintf28_fn
FN:1721,1730,test_sprintf29_fn
FN:1732,1740,test_sprintf30_fn
FN:1742,1750,test_sprintf31_fn
FN:1752,1761,test_sprintf32_fn
FN:1763,1772,test_sprintf33_fn
FN:1774,1783,test_sprintf35_fn
FN:1785,1794,test_sprintf36_fn
FN:179,188,unsigned_val_width_fn
FN:1796,1805,test_sprintf37_fn
FN:1807,1816,test_sprintf38_fn
FN:1818,1829,test_sprintf39_fn
FN:1831,1840,test_sprintf40_fn
FN:1842,1851,test_sprintf41_fn
FN:1853,1861,test_sprintf42_fn
FN:1863,1872,test_sprintf43_fn
FN:1874,1882,test_sprintf44_fn
FN:1884,1892,g_trailing_zero_fn
FN:1894,1902,g_large_fn
FN:190,199,unsigned_val_flags_fn
FN:1904,1912,g_small_fn
FN:1914,1922,g_precision_fn
FN:1959,1967,g_one_zero_fn
FN:1969,1977,g_zero_fn
FN:1979,1987,g_mantiss_fn
FN:1989,1997,g_mantiss_flags_fn
FN:1999,2007,g_short_no_mantiss_fn
FN:2009,2017,LG_fn
FN:201,210,unsigned_val_precision_fn
FN:2019,2033,g_many_fn
FN:2071,2081,wide_string_fn
FN:2083,2093,wide_string1_fn
FN:2095,2105,wide_string2_fn
FN:2107,2117,wide_string3_fn
FN:2119,2129,wide_string4_fn
FN:212,221,unsigned_val_many_flags_fn
FN:2143,2153,shiraleo_sprintf_test_01_fn
FN:2155,2162,shiraleo_sprintf_test_02_fn
FN:2164,2176,shiraleo_sprintf_test_03_fn
FN:223,232,unsigned_val_short_fn
FN:2303,2310,sprintf_11_c_fn
FN:2312,2319,sprintf_12_c_fn
FN:2321,2328,sprintf_13_c_fn
FN:2330,2337,sprintf_14_c_fn
FN:2339,2347,sprintf_15_c_fn
FN:234,243,unsigned_val_long_fn
FN:2349,2357,sprintf_16_c_fn
FN:2359,2367,sprintf_17_c_fn
FN:2369,2377,sprintf_18_c_fn
FN:2393,2400,sprintf_1_signed_fn
FN:2403,2413,sprintf_2_signed_fn
FN:2416,2426,sprintf_3_signed_fn
FN:2429,2440,sprintf_4_signed_fn
FN:2443,2453,sprintf_5_signed_fn
FN:245,257,unsigned_val_many_fn
FN:2456,2468,sprintf_6_signed_fn
FN:2471,2482,sprintf_7_signed_fn
FN:2485,2497,sprintf_8_signed_fn
FN:2500,2511,sprintf_9_signed_fn
FN:2514,2524,sprintf_10_signed_fn
FN:2527,2539,sprintf_11_signed_fn
FN:2542,2554,sprintf_12_signed_fn
FN:2557,2569,sprintf_13_signed_fn
FN:2572,2584,sprintf_14_signed_fn
FN:2587,2605,sprintf_15_signed_fn
FN:259,268,octal_width_fn
FN:2608,2615,sprintf_16_signed_fn
FN:2617,2624,sprintf_17_signed_fn
FN:2626,2639,sprintf_18_signed_fn
FN:2641,2652,sprintf_19_signed_fn
FN:2655,2663,sprintf_1_e_fn
FN:2665,2673,sprintf_2_e_fn
FN:2675,2683,sprintf_3_e_fn
FN:2685,2693,sprintf_4_e_fn
FN:2695,2703,sprintf_5_e_fn
FN:270,279,octal_flags_fn
FN:2705,2712,sprintf_6_e_fn
FN:2714,2723,sprintf_7_e_fn
FN:2725,2734,sprintf_8_e_fn
FN:2736,2744,sprintf_9_e_fn
FN:2746,2754,sprintf_10_e_fn
FN:2756,2764,sprintf_11_e_fn
FN:2766,2774,sprintf_12_e_fn
FN:2776,2784,sprintf_13_e_fn
FN:2786,2794,sprintf_14_e_fn
FN:2796,2804,sprintf_15_e_fn
FN:28,37,width_int_fn
FN:2806,2814,sprintf_16_e_fn
FN:281,290,octal_precision_fn
FN:2816,2824,sprintf_17_e_fn
FN:2826,2834,sprintf_18_e_fn
FN:2836,2844,sprintf_19_e_fn
FN:2846,2854,sprintf_20_e_fn
FN:2856,2865,sprintf_21_e_fn
FN:2867,2876,sprintf_22_e_fn
FN:2878,2887,sprintf_23_e_fn
FN:2889,2898,sprintf_24_e_fn
FN:2900,2911,sprintf_25_e_fn
FN:2913,2923,sprintf_26_e_fn
FN:292,301,octal_many_flags_fn
FN:2925,2934,sprintf_27_e_fn
FN:2936,2946,sprintf_28_e_fn
FN:2948,2957,sprintf_29_e_fn
FN:2959,2967,sprintf_30_e_fn
FN:2969,2977,sprintf_31_e_fn
FN:2979,2987,sprintf_32_e_fn
FN:2989,2997,sprintf_33_e_fn
FN:2999,3008,sprintf_34_e_fn
FN:3010,3019,sprintf_35_e_fn
FN:3021,3029,sprintf_36_e_fn
FN:303,311,octal_zero_fn
FN:3031,3039,sprintf_37_e_fn
FN:3041,3050,sprintf_38_e_fn
FN:3052,3061,sprintf_39_e_fn
FN:3063,3071,sprintf_40_e_fn
FN:3073,3081,sprintf_41_e_fn
FN:3083,3091,sprintf_42_e_fn
FN:3093,3102,sprintf_43_e_fn
FN:3104,3113,sprintf_44_e_fn
FN:3116,3124,sprintf_1_f_fn
FN:3126,3134,sprintf_2_f_fn
FN:313,322,octal_hash_fn
FN:3136,3144,sprintf_3_f_fn
FN:3146,3154,sprintf_4_f_fn
FN:3156,3164,sprintf_5_f_fn
FN:3166,3174,sprintf_6_f_fn
FN:3176,3184,sprintf_7_f_fn
FN:3186,3194,sprintf_8_f_fn
FN:3196,3204,sprintf_9_f_fn
FN:3206,3214,sprintf_10_f_fn
FN:3216,3224,sprintf_11_f_fn
FN:3226,3234,sprintf_12_f_fn
[...]
DA:3854,1
DA:3855,1
DA:3856,1
DA:3857,1
DA:3858,1
DA:3859,1
DA:3861,1
DA:3862,1
DA:3863,1
DA:3864,1
DA:3865,1
DA:3866,1
DA:3868,1
DA:3869,1
DA:3870,1
DA:3871,1
DA:3872,1
DA:3873,1
DA:3874,1
DA:3876,1
DA:3877,1
DA:3878,1
DA:3879,1
DA:3880,1
DA:3881,1
DA:3883,1
DA:3884,1
DA:3885,1
DA:3886,1
DA:3887,1
DA:3888,1
DA:3889,1
DA:3891,1
DA:3892,1
DA:3893,1
DA:3894,1
DA:3895,1
DA:3896,1
DA:3898,1
DA:3899,1
DA:3900,1
DA:3901,1
DA:3902,1
DA:3903,1
DA:3904,1
DA:3906,1
DA:3907,1
DA:3908,1
DA:3909,1
DA:3910,1
DA:3911,1
DA:3913,1
DA:3914,1
DA:3915,1
DA:3916,1
DA:3917,1
DA:3918,1
DA:3919,1
DA:3921,1
DA:3922,1
DA:3923,1
DA:3926,1
DA:3928,1
DA:3929,1
DA:3930,1
DA:3931,1
DA:3932,1
DA:3933,1
DA:3934,1
DA:3936,1
DA:3937,1
DA:3938,1
DA:3939,1
DA:3940,1
DA:3941,1
DA:3943,1
DA:3944,1
DA:3945,1
DA:3946,1
DA:3947,1
DA:3948,1
DA:3949,1
DA:3951,1
DA:3952,1
DA:3953,1
DA:3954,1
DA:3955,1
DA:3956,1
DA:3958,1
DA:3959,1
DA:3960,1
DA:3961,1
DA:3962,1
DA:3963,1
DA:3964,1
DA:3966,1
DA:3967,1
DA:3968,1
DA:3969,1
DA:3970,1
DA:3971,1
DA:3973,1
DA:3974,1
DA:3975,1
DA:3976,1
DA:3977,1
DA:3978,1
DA:3979,1
DA:3981,1
DA:3982,1
DA:3983,1
DA:3984,1
DA:3985,1
DA:3986,1
DA:3988,1
DA:3989,1
DA:3990,1
DA:3991,1
DA:3992,1
DA:3993,1
DA:3994,1
DA:3996,1
DA:3997,1
DA:3998,1
DA:3999,1
DA:4000,1
DA:4001,1
DA:4003,1
DA:4004,1
DA:4005,1
DA:4006,1
DA:4007,1
DA:4008,1
DA:4009,1
DA:4011,1
DA:4012,1
DA:4013,1
DA:4016,1
DA:4018,1
DA:4019,1
DA:4020,1
DA:4021,1
DA:4022,1
DA:4023,1
DA:4024,1
DA:4026,1
DA:4027,1
DA:4028,1
DA:4029,1
DA:4030,1
DA:4031,1
DA:4033,1
DA:4034,1
DA:4035,1
DA:4036,1
DA:4037,1
DA:4038,1
DA:4039,1
DA:4041,1
DA:4042,1
DA:4043,1
DA:4044,1
DA:4045,1
DA:4046,1
DA:4048,1
DA:4049,1
DA:4050,1
DA:4051,1
DA:4052,1
DA:4053,1
DA:4054,1
DA:4056,1
DA:4057,1
DA:4058,1
DA:4059,1
DA:4060,1
DA:4061,1
DA:4063,1
DA:4064,1
DA:4065,1
DA:4066,1
DA:4067,1
DA:4068,1
DA:4069,1
DA:4071,1
DA:4072,1
DA:4073,1
DA:4074,1
DA:4075,1
DA:4076,1
DA:4078,1
DA:4079,1
DA:4080,1
DA:4081,1
DA:4082,1
DA:4083,1
DA:4084,1
DA:4086,1
DA:4087,1
DA:4088,1
DA:4089,1
DA:4090,1
DA:4091,1
DA:4093,1
DA:4094,1
DA:4095,1
DA:4096,1
DA:4097,1
DA:4098,1
DA:4099,1
DA:4101,1
DA:4102,1
DA:4103,1
DA:4106,1
DA:4108,1
DA:4109,1
DA:4110,1
DA:4111,1
DA:4112,1
DA:4113,1
DA:4114,1
DA:4116,1
DA:4117,1
DA:4118,1
DA:4119,1
DA:4120,1
DA:4121,1
DA:4123,1
DA:4124,1
DA:4125,1
DA:4126,1
DA:4127,1
DA:4128,1
DA:4129,1
DA:4131,1
DA:4132,1
DA:4133,1
DA:4134,1
DA:4135,1
DA:4136,1
DA:4138,1
DA:4139,1
DA:4140,1
DA:4141,1
DA:4142,1
DA:4143,1
DA:4144,1
DA:4146,1
DA:4147,1
DA:4148,1
DA:4149,1
DA:4150,1
DA:4151,1
DA:4153,1
DA:4154,1
DA:4155,1
DA:4156,1
DA:4157,1
DA:4158,1
DA:4159,1
DA:4161,1
DA:4162,1
DA:4163,1
DA:4164,1
DA:4165,1
DA:4166,1
DA:4168,1
DA:4169,1
DA:4170,1
DA:4171,1
DA:4172,1
DA:4173,1
DA:4174,1
DA:4176,1
DA:4177,1
DA:4178,1
DA:4179,1
DA:4180,1
DA:4181,1
DA:4183,1
DA:4184,1
DA:4185,1
DA:4186,1
DA:4187,1
DA:4188,1
DA:4189,1
DA:4192,1
DA:4193,1
DA:4194,1
DA:4197,1
DA:4199,1
DA:4200,1
DA:4201,1
DA:4202,1
DA:4203,1
DA:4204,1
DA:4205,1
DA:4207,1
DA:4208,1
DA:4209,1
DA:4210,1
DA:4211,1
DA:4212,1
DA:4214,1
DA:4215,1
DA:4216,1
DA:4217,1
DA:4218,1
DA:4219,1
DA:4220,1
DA:4222,1
DA:4223,1
DA:4224,1
DA:4225,1
DA:4226,1
DA:4228,1
DA:4229,1
DA:4230,1
DA:4231,1
DA:4232,1
DA:4233,1
DA:4235,1
DA:4236,1
DA:4237,1
DA:4238,1
DA:4239,1
DA:4240,1
DA:4242,1
DA:4243,1
DA:4244,1
DA:4245,1
DA:4246,1
DA:4247,1
DA:4248,1
DA:4250,1
DA:4251,1
DA:4252,1
DA:4253,1
DA:4254,1
DA:4255,1
DA:4257,1
DA:4258,1
DA:4259,1
DA:4260,1
DA:4261,1
DA:4262,1
DA:4263,1
DA:4265,1
DA:4266,1
DA:4267,1
DA:4268,1
DA:4269,1
DA:4270,1
DA:4272,1
DA:4273,1
DA:4274,1
DA:4275,1
DA:4276,1
DA:4277,1
DA:4278,1
DA:4280,1
DA:4281,1
DA:4282,1
DA:4283,1
DA:4284,1
DA:4285,1
DA:4287,1
DA:4288,1
DA:4289,1
DA:4290,1
DA:4291,1
DA:4292,1
DA:4293,1
DA:4295,1
DA:4296,1
DA:4297,1
DA:4298,1
DA:4299,1
DA:4300,1
DA:4302,1
DA:4303,1
DA:4304,1
DA:4305,1
DA:4306,1
DA:4307,1
DA:4308,1
DA:4310,1
DA:4311,1
DA:4312,1
DA:4313,1
DA:4314,1
DA:4315,1
DA:4317,1
DA:4318,1
DA:4319,1
DA:4320,1
DA:4321,1
DA:4322,1
DA:4323,1
DA:4325,1
DA:4326,1
DA:4327,1
DA:4328,1
DA:4329,1
DA:4330,1
DA:4332,1
DA:4333,1
DA:4334,1
DA:4335,1
DA:4336,1
DA:4337,1
DA:4338,1
DA:4340,1
DA:4341,1
DA:4342,1
DA:4343,1
DA:4344,1
DA:4345,1
DA:4347,1
DA:4348,1
DA:4349,1
DA:4350,1
DA:4351,1
DA:4352,1
DA:4353,1
DA:4355,1
DA:4356,1
DA:4357,1
DA:4360,1
DA:4362,1
DA:4363,1
DA:4364,1
DA:4365,1
DA:4366,1
DA:4367,1
DA:4368,1
DA:4370,1
DA:4371,1
DA:4372,1
DA:4373,1
DA:4374,1
DA:4375,1
DA:4377,1
DA:4378,1
DA:4379,1
DA:4380,1
DA:4381,1
DA:4382,1
DA:4383,1
DA:4385,1
DA:4386,1
DA:4387,1
DA:4388,1
DA:4389,1
DA:4391,1
DA:4392,1
DA:4393,1
DA:4394,1
DA:4395,1
DA:4396,1
DA:4398,1
DA:4399,1
DA:4400,1
DA:4401,1
DA:4402,1
DA:4403,1
DA:4405,1
DA:4406,1
DA:4407,1
DA:4408,1
DA:4409,1
DA:4410,1
DA:4411,1
DA:4413,1
DA:4414,1
DA:4415,1
DA:4416,1
DA:4417,1
DA:4418,1
DA:4420,1
DA:4421,1
DA:4422,1
DA:4423,1
DA:4424,1
DA:4425,1
DA:4426,1
DA:4428,1
DA:4429,1
DA:4430,1
DA:4431,1
DA:4432,1
DA:4433,1
DA:4435,1
DA:4436,1
DA:4437,1
DA:4438,1
DA:4439,1
DA:4440,1
DA:4441,1
DA:4443,1
DA:4444,1
DA:4445,1
DA:4446,1
DA:4447,1
DA:4448,1
DA:4450,1
DA:4451,1
DA:4452,1
DA:4453,1
DA:4454,1
DA:4455,1
DA:4456,1
DA:4458,1
DA:4459,1
DA:4460,1
DA:4461,1
DA:4462,1
DA:4463,1
DA:4465,1
DA:4466,1
DA:4467,1
DA:4468,1
DA:4469,1
DA:4470,1
DA:4471,1
DA:4473,1
DA:4474,1
DA:4475,1
DA:4476,1
DA:4477,1
DA:4478,1
DA:4480,1
DA:4481,1
DA:4482,1
DA:4483,1
DA:4484,1
DA:4485,1
DA:4486,1
DA:4488,1
DA:4489,1
DA:4490,1
DA:4491,1
DA:4492,1
DA:4493,1
DA:4495,1
DA:4496,1
DA:4497,1
DA:4498,1
DA:4499,1
DA:4500,1
DA:4501,1
DA:4503,1
DA:4504,1
DA:4505,1
DA:4506,1
DA:4507,1
DA:4508,1
DA:4510,1
DA:4511,1
DA:4512,1
DA:4513,1
DA:4514,1
DA:4515,1
DA:4516,1
DA:4518,1
DA:4519,1
DA:4520,1
DA:4523,1
DA:4525,1
DA:4526,1
DA:4527,1
DA:4528,1
DA:4529,1
DA:4530,1
DA:4531,1
DA:4533,1
DA:4534,1
DA:4535,1
DA:4536,1
DA:4537,1
DA:4538,1
DA:4540,1
DA:4541,1
DA:4542,1
DA:4543,1
DA:4544,1
DA:4545,1
DA:4546,1
DA:4548,1
DA:4549,1
DA:4550,1
DA:4551,1
DA:4552,1
DA:4554,1
DA:4555,1
DA:4556,1
DA:4557,1
DA:4558,1
DA:4559,1
DA:4561,1
DA:4562,1
DA:4563,1
DA:4564,1
DA:4565,1
DA:4566,1
DA:4568,1
DA:4569,1
DA:4570,1
DA:4571,1
DA:4572,1
DA:4573,1
DA:4574,1
DA:4576,1
DA:4577,1
DA:4578,1
DA:4579,1
DA:4580,1
DA:4581,1
DA:4583,1
DA:4584,1
DA:4585,1
DA:4586,1
DA:4587,1
DA:4588,1
DA:4589,1
DA:4591,1
DA:4592,1
DA:4593,1
DA:4594,1
DA:4595,1
DA:4596,1
DA:4598,1
DA:4599,1
DA:4600,1
DA:4601,1
DA:4602,1
DA:4603,1
DA:4604,1
DA:4606,1
DA:4607,1
DA:4608,1
DA:4609,1
DA:4610,1
DA:4611,1
DA:4613,1
DA:4614,1
DA:4615,1
DA:4616,1
DA:4617,1
DA:4618,1
DA:4619,1
DA:4621,1
DA:4622,1
DA:4623,1
DA:4624,1
DA:4625,1
DA:4626,1
DA:4628,1
DA:4629,1
DA:4630,1
DA:4631,1
DA:4632,1
DA:4633,1
DA:4634,1
DA:4636,1
DA:4637,1
DA:4638,1
DA:4639,1
DA:4640,1
DA:4641,1
DA:4643,1
DA:4644,1
DA:4645,1
DA:4646,1
DA:4647,1
DA:4648,1
DA:4649,1
DA:4651,1
DA:4652,1
DA:4653,1
DA:4654,1
DA:4655,1
DA:4656,1
DA:4658,1
DA:4659,1
DA:4660,1
DA:4661,1
DA:4662,1
DA:4663,1
DA:4664,1
DA:4666,1
DA:4667,1
DA:4668,1
DA:4669,1
DA:4670,1
DA:4671,1
DA:4673,1
DA:4674,1
DA:4675,1
DA:4676,1
DA:4677,1
DA:4678,1
DA:4679,1
DA:4681,1
DA:4682,1
DA:4683,1
DA:4686,1
DA:4688,1
DA:4689,1
DA:4690,1
DA:4691,1
DA:4692,1
DA:4693,1
DA:4694,1
DA:4696,1
DA:4697,1
DA:4698,1
DA:4699,1
DA:4700,1
DA:4701,1
DA:4703,1
DA:4704,1
DA:4705,1
DA:4706,1
DA:4707,1
DA:4708,1
DA:4709,1
DA:4711,1
DA:4712,1
DA:4713,1
DA:4714,1
DA:4715,1
DA:4717,1
DA:4718,1
DA:4719,1
DA:4720,1
DA:4721,1
DA:4722,1
DA:4724,1
DA:4725,1
DA:4726,1
DA:4727,1
DA:4728,1
DA:4729,1
DA:4731,1
DA:4732,1
DA:4733,1
DA:4734,1
DA:4735,1
DA:4736,1
DA:4737,1
DA:4739,1
DA:4740,1
DA:4741,1
DA:4742,1
DA:4743,1
DA:4744,1
DA:4746,1
DA:4747,1
DA:4748,1
DA:4749,1
DA:4750,1
DA:4751,1
DA:4752,1
DA:4754,1
DA:4755,1
DA:4756,1
DA:4757,1
DA:4758,1
DA:4759,1
DA:4761,1
DA:4762,1
DA:4763,1
DA:4764,1
DA:4765,1
DA:4766,1
DA:4767,1
DA:4769,1
DA:4770,1
DA:4771,1
DA:4772,1
DA:4773,1
DA:4774,1
DA:4776,1
DA:4777,1
DA:4778,1
DA:4779,1
DA:4780,1
DA:4781,1
DA:4782,1
DA:4784,1
DA:4785,1
DA:4786,1
DA:4787,1
DA:4788,1
DA:4789,1
DA:4791,1
DA:4792,1
DA:4793,1
DA:4794,1
DA:4795,1
DA:4796,1
DA:4797,1
DA:4799,1
DA:4800,1
DA:4801,1
DA:4802,1
DA:4803,1
DA:4804,1
DA:4806,1
DA:4807,1
DA:4808,1
DA:4809,1
DA:4810,1
DA:4811,1
DA:4812,1
DA:4814,1
DA:4815,1
DA:4816,1
DA:4817,1
DA:4818,1
DA:4819,1
DA:4821,1
DA:4822,1
DA:4823,1
DA:4824,1
DA:4825,1
DA:4826,1
DA:4827,1
DA:4829,1
DA:4830,1
DA:4831,1
DA:4832,1
DA:4833,1
DA:4834,1
DA:4836,1
DA:4837,1
DA:4838,1
DA:4839,1
DA:4840,1
DA:4841,1
DA:4842,1
DA:4844,1
DA:4845,1
DA:4846,1
DA:4849,1
DA:4851,1
DA:4852,1
DA:4853,1
DA:4854,1
DA:4855,1
DA:4856,1
DA:4857,1
DA:4859,1
DA:4860,1
DA:4861,1
DA:4862,1
DA:4863,1
DA:4864,1
DA:4866,1
DA:4867,1
DA:4868,1
DA:4869,1
DA:4870,1
DA:4871,1
DA:4872,1
DA:4874,1
DA:4875,1
DA:4876,1
DA:4877,1
DA:4878,1
DA:4880,1
DA:4881,1
DA:4882,1
DA:4883,1
DA:4884,1
DA:4885,1
DA:4887,1
DA:4888,1
DA:4889,1
DA:4890,1
DA:4891,1
DA:4892,1
DA:4894,1
DA:4895,1
DA:4896,1
DA:4897,1
DA:4898,1
DA:4899,1
DA:4900,1
DA:4902,1
DA:4903,1
DA:4904,1
DA:4905,1
DA:4906,1
DA:4907,1
DA:4909,1
DA:4910,1
DA:4911,1
DA:4912,1
DA:4913,1
DA:4914,1
DA:4915,1
DA:4917,1
DA:4918,1
DA:4919,1
DA:4920,1
DA:4921,1
DA:4922,1
DA:4924,1
DA:4925,1
DA:4926,1
DA:4927,1
DA:4928,1
DA:4929,1
DA:4930,1
DA:4932,1
DA:4933,1
DA:4934,1
DA:4935,1
DA:4936,1
DA:4937,1
DA:4939,1
DA:4940,1
DA:4941,1
DA:4942,1
DA:4943,1
DA:4944,1
DA:4945,1
DA:4947,1
DA:4948,1
DA:4949,1
DA:4950,1
DA:4951,1
DA:4952,1
DA:4954,1
DA:4955,1
DA:4956,1
DA:4957,1
DA:4958,1
DA:4959,1
DA:4960,1
DA:4962,1
DA:4963,1
DA:4964,1
DA:4965,1
DA:4966,1
DA:4967,1
DA:4969,1
DA:4970,1
DA:4971,1
DA:4972,1
DA:4973,1
DA:4974,1
DA:4975,1
DA:4977,1
DA:4978,1
DA:4979,1
DA:4980,1
DA:4981,1
DA:4982,1
DA:4984,1
DA:4985,1
DA:4986,1
DA:4987,1
DA:4988,1
DA:4989,1
DA:4990,1
DA:4992,1
DA:4993,1
DA:4994,1
DA:4995,1
DA:4996,1
DA:4997,1
DA:4999,1
DA:5000,1
DA:5001,1
DA:5002,1
DA:5003,1
DA:5004,1
DA:5005,1
DA:5008,1
DA:5009,1
DA:5010,1
DA:5011,1
DA:5012,1
DA:5014,1
DA:5015,1
DA:5016,1
DA:5017,1
DA:5019,1
DA:5020,1
DA:5022,1
DA:5023,1
DA:5025,1
DA:5027,1
DA:5028,1
DA:5029,1
DA:5030,1
DA:5031,1
DA:5033,1
DA:5034,1
DA:5035,1
DA:5036,1
DA:5037,1
DA:5039,1
DA:5040,1
DA:5041,1
DA:5042,1
DA:5044,1
DA:5045,1
DA:5047,1
DA:5048,1
DA:5050,1
DA:5052,1
DA:5053,1
DA:5054,1
DA:5055,1
DA:5056,1
DA:5058,1
DA:5059,1
DA:5060,1
DA:5061,1
DA:5062,1
DA:5064,1
DA:5065,1
DA:5066,1
DA:5067,1
DA:5069,1
DA:5070,1
DA:5072,1
DA:5073,1
DA:5075,1
DA:5077,1
DA:5078,1
DA:5079,1
DA:5080,1
DA:5081,1
DA:5083,1
DA:5084,1
DA:5085,1
DA:5086,1
DA:5087,1
DA:5089,1
DA:5090,1
DA:5091,1
DA:5092,1
DA:5094,1
DA:5095,1
DA:5097,1
DA:5098,1
DA:5100,1
DA:5102,1
DA:5103,1
DA:5104,1
DA:5105,1
DA:5106,1
DA:5108,1
DA:5109,1
DA:5110,1
DA:5111,1
DA:5112,1
DA:5114,1
DA:5115,1
DA:5116,1
DA:5117,1
DA:5119,1
DA:5120,1
DA:5122,1
DA:5123,1
DA:5125,1
DA:5127,1
DA:5128,1
DA:5129,1
DA:5130,1
DA:5131,1
DA:5133,1
DA:5134,1
DA:5135,1
DA:5136,1
DA:5137,1
DA:5139,1
DA:5140,1
DA:5141,1
DA:5142,1
DA:5144,1
DA:5145,1
DA:5147,1
DA:5148,1
DA:5150,1
DA:5152,1
DA:5153,1
DA:5154,1
DA:5155,1
DA:5156,1
DA:5191,1
DA:5192,1
DA:5194,1
DA:5195,1
DA:5197,1
DA:5198,1
DA:5200,1
DA:5201,1
DA:5202,1
DA:5203,1
DA:5204,1
DA:5205,1
DA:5207,1
DA:5208,1
DA:5210,1
DA:5211,1
DA:5213,1
DA:5214,1
DA:5216,1
DA:5217,1
DA:5218,1
DA:5219,1
DA:5220,1
DA:5221,1
DA:5223,1
DA:5224,1
DA:5226,1
DA:5227,1
DA:5229,1
DA:5230,1
DA:5232,1
DA:5233,1
DA:5234,1
DA:5235,1
DA:5236,1
DA:5239,1
DA:5240,1
DA:5241,1
DA:5244,1
DA:5246,1
DA:5247,1
DA:5248,1
DA:5249,1
DA:5250,1
DA:5251,1
DA:5252,1
DA:5254,1
DA:5255,1
DA:5256,1
DA:5259,1
DA:5261,1
DA:5262,1
DA:5263,1
DA:5264,1
DA:5265,1
DA:5266,1
DA:5267,1
DA:5269,1
DA:5270,1
DA:5271,1
DA:5277,1
DA:5278,1
DA:5279,1
DA:5280,1
DA:5281,1
DA:5282,1
DA:5283,1
DA:5284,1
DA:5285,1
DA:5287,1
DA:5288,1
DA:5289,1
DA:5290,1
DA:5292,1
DA:5293,1
DA:5294,1
DA:5295,1
DA:5296,1
DA:5298,1
DA:5299,1
DA:5300,1
DA:5301,1
DA:5303,1
DA:5304,1
DA:5305,1
DA:5306,1
DA:5307,1
DA:5309,1
DA:5310,1
DA:5311,1
DA:5312,1
DA:5314,1
DA:5315,1
DA:5316,1
DA:5317,1
DA:5318,1
DA:5320,1
DA:5321,1
DA:5322,1
DA:5323,1
DA:5325,1
DA:5326,1
DA:5327,1
DA:5328,1
DA:5329,1
DA:5331,1
DA:5332,1
DA:5333,1
DA:5339,1
DA:5340,1
DA:5341,1
DA:5342,1
DA:5343,1
DA:5344,1
DA:5345,1
DA:5346,1
DA:5348,1
DA:5349,1
DA:5350,1
DA:5354,1
DA:5356,1
DA:5357,1
DA:5358,1
DA:5359,1
DA:5360,1
DA:5361,1
DA:5362,1
DA:5363,1
DA:5365,1
DA:5366,1
DA:5367,1
DA:5369,1
DA:5371,1
DA:5372,1
DA:5373,1
DA:5374,1
DA:5375,1
DA:5376,1
DA:5378,1
DA:5379,1
DA:5380,1
DA:5382,1
DA:5384,1
DA:5385,1
DA:5386,1
DA:5387,1
DA:5388,1
DA:5389,1
DA:5391,1
DA:5392,1
DA:5393,1
DA:5395,1
DA:5396,1
DA:5397,1
DA:5399,1
DA:5400,1
DA:5401,1
DA:5402,1
DA:5403,1
DA:5404,1
DA:5405,1
DA:5406,1
DA:5408,1
DA:5409,1
DA:5410,1
DA:5412,1
DA:5413,1
DA:5414,1
DA:5416,1
DA:5417,1
DA:5418,1
DA:5419,1
DA:5420,1
DA:5421,1
DA:5422,1
DA:5423,1
DA:5425,1
DA:5426,1
DA:5427,1
DA:5429,1
DA:5430,1
DA:5431,1
DA:5433,1
DA:5434,1
DA:5435,1
DA:5436,1
DA:5437,1
DA:5438,1
DA:5439,1
DA:5440,1
DA:5443,1
DA:5444,1
DA:5445,1
DA:5446,1
DA:5448,1
DA:5449,1
DA:5451,1
DA:5452,1
DA:5453,1
DA:5454,1
DA:5455,1
DA:5456,1
DA:5458,1
DA:5459,1
DA:5460,1
DA:5461,1
DA:5462,1
DA:5464,1
DA:5465,1
DA:5467,1
DA:5468,1
DA:5469,1
DA:5470,1
DA:5471,1
DA:5472,1
DA:5474,1
DA:5475,1
DA:5476,1
DA:5477,1
DA:5479,1
DA:5480,1
DA:5482,1
DA:5483,1
DA:5484,1
DA:5485,1
DA:5486,1
DA:5487,1
DA:5489,1
DA:5490,1
DA:5491,1
DA:5492,1
DA:5494,1
DA:5495,1
DA:5497,1
DA:5498,1
DA:5499,1
DA:5500,1
DA:5501,1
DA:5502,1
DA:5504,1
DA:5505,1
DA:5506,1
DA:5507,1
DA:5509,1
DA:5510,1
DA:5512,1
DA:5513,1
DA:5514,1
DA:5515,1
DA:5516,1
DA:5517,1
DA:5520,1
DA:5521,1
DA:5522,1
DA:5523,1
DA:5525,1
DA:5526,1
DA:5528,1
DA:5529,1
DA:5530,1
DA:5531,1
DA:5532,1
DA:5533,1
DA:5535,1
DA:5536,1
DA:5537,1
DA:5538,1
DA:5540,1
DA:5541,1
DA:5543,1
DA:5544,1
DA:5545,1
DA:5546,1
DA:5547,1
DA:5548,1
DA:5550,1
DA:5551,1
DA:5552,1
DA:5553,1
DA:5555,1
DA:5556,1
DA:5558,1
DA:5559,1
DA:5560,1
DA:5561,1
DA:5562,1
DA:5563,1
DA:5565,1
DA:5566,1
DA:5567,1
DA:5568,1
DA:5570,1
DA:5571,1
DA:5573,1
DA:5574,1
DA:5575,1
DA:5576,1
DA:5577,1
DA:5578,1
DA:5581,1
DA:5582,1
DA:5583,1
DA:5584,1
DA:5586,1
DA:5587,1
DA:5588,1
DA:5589,1
DA:5590,1
DA:5592,1
DA:5593,1
DA:5594,1
DA:5595,1
DA:5597,1
DA:5598,1
DA:5599,1
DA:5600,1
DA:5601,1
DA:5603,1
DA:5604,1
DA:5605,1
DA:5606,1
DA:5608,1
DA:5609,1
DA:5610,1
DA:5611,1
DA:5612,1
DA:5614,1
DA:5615,1
DA:5616,1
DA:5617,1
DA:5619,1
DA:5620,1
DA:5621,1
DA:5622,1
DA:5623,1
DA:5625,1
DA:5626,1
DA:5627,1
DA:5628,1
DA:5630,1
DA:5631,1
DA:5632,1
DA:5633,1
DA:5634,1
DA:5636,1
DA:5637,1
DA:5638,1
DA:5639,1
DA:5641,1
DA:5642,1
DA:5643,1
DA:5644,1
DA:5645,1
DA:5647,1
DA:5648,1
DA:5649,1
DA:5650,1
DA:5652,1
DA:5653,1
DA:5654,1
DA:5655,1
DA:5656,1
DA:5658,1
DA:5659,1
DA:5660,1
DA:5661,1
DA:5663,1
DA:5664,1
DA:5665,1
DA:5666,1
DA:5667,1
DA:5669,1
DA:5670,1
DA:5671,1
DA:5672,1
DA:5674,1
DA:5675,1
DA:5676,1
DA:5677,1
DA:5678,1
DA:5680,1
DA:5681,1
DA:5682,1
DA:5683,1
DA:5685,1
DA:5686,1
DA:5687,1
DA:5688,1
DA:5689,1
DA:5691,1
DA:5692,1
DA:5693,1
DA:5694,1
DA:5696,1
DA:5697,1
DA:5698,1
DA:5699,1
DA:5700,1
DA:5702,1
DA:5703,1
DA:5704,1
DA:5705,1
DA:5707,1
DA:5708,1
DA:5709,1
DA:5710,1
DA:5711,1
DA:5713,1
DA:5714,1
DA:5715,1
DA:5716,1
DA:5718,1
DA:5719,1
DA:5720,1
DA:5721,1
DA:5722,1
DA:5724,1
DA:5725,1
DA:5726,1
DA:5727,1
DA:5729,1
DA:5730,1
DA:5731,1
DA:5732,1
DA:5733,1
DA:5735,1
DA:5736,1
DA:5737,1
DA:5738,1
DA:5740,1
DA:5741,1
DA:5742,1
DA:5743,1
DA:5744,1
DA:5746,1
DA:5747,1
DA:5748,1
DA:5749,1
DA:5751,1
DA:5754,1
DA:5756,1
DA:5757,1
DA:5760,1
DA:5761,1
DA:5762,1
DA:5763,1
DA:5764,1
DA:5765,1
DA:5766,1
DA:5767,1
DA:5768,1
DA:5769,1
DA:5770,1
DA:5771,1
DA:5772,1
DA:5773,1
DA:5774,1
DA:5775,1
DA:5776,1
DA:5777,1
DA:5778,1
DA:5779,1
DA:5780,1
DA:5781,1
DA:5782,1
DA:5783,1
DA:5784,1
DA:5785,1
DA:5786,1
DA:5787,1
DA:5789,1
DA:5790,1
DA:5791,1
DA:5793,1
DA:5794,1
DA:5795,1
DA:5796,1
DA:5798,1
DA:5799,1
DA:5800,1
DA:5801,1
DA:5803,1
DA:5804,1
DA:5805,1
DA:5806,1
DA:5810,1
DA:5811,1
DA:5813,1
DA:5814,1
DA:5815,1
DA:5816,1
DA:5817,1
DA:5818,1
DA:5819,1
DA:5820,1
DA:5821,1
DA:5822,1
DA:5823,1
DA:5824,1
DA:5825,1
DA:5826,1
DA:5827,1
DA:5828,1
DA:5829,1
DA:5830,1
DA:5831,1
DA:5832,1
DA:5833,1
DA:5834,1
DA:5835,1
DA:5836,1
DA:5837,1
DA:5838,1
DA:5839,1
DA:5841,1
DA:5842,1
DA:5843,1
DA:5844,1
DA:5845,1
DA:5846,1
DA:5847,1
DA:5848,1
DA:5849,1
DA:5850,1
DA:5851,1
DA:5852,1
DA:5853,1
DA:5854,1
DA:5855,1
DA:5856,1
DA:5857,1
DA:5858,1
DA:5859,1
DA:5860,1
DA:5861,1
DA:5862,1
DA:5863,1
DA:5864,1
DA:5865,1
DA:5867,1
DA:5868,1
DA:5869,1
DA:5870,1
DA:5871,1
DA:5872,1
DA:5873,1
DA:5874,1
DA:5875,1
DA:5876,1
DA:5877,1
DA:5878,1
DA:5879,1
DA:5880,1
DA:5881,1
DA:5882,1
DA:5883,1
DA:5884,1
DA:5885,1
DA:5886,1
DA:5887,1
DA:5888,1
DA:5889,1
DA:5890,1
DA:5891,1
DA:5893,1
DA:5894,1
DA:5895,1
DA:5896,1
DA:5897,1
DA:5898,1
DA:5899,1
DA:5900,1
DA:5901,1
DA:5902,1
DA:5903,1
DA:5904,1
DA:5905,1
DA:5906,1
DA:5907,1
DA:5908,1
DA:5909,1
DA:5910,1
DA:5911,1
DA:5912,1
DA:5913,1
DA:5914,1
DA:5915,1
DA:5916,1
DA:5917,1
DA:5919,1
DA:5920,1
DA:5921,1
DA:5922,1
DA:5923,1
DA:5924,1
DA:5925,1
DA:5926,1
DA:5927,1
DA:5928,1
DA:5929,1
DA:5930,1
DA:5931,1
DA:5932,1
DA:5933,1
DA:5934,1
DA:5935,1
DA:5936,1
DA:5937,1
DA:5938,1
DA:5939,1
DA:5940,1
DA:5941,1
DA:5942,1
DA:5943,1
DA:5945,1
DA:5946,1
DA:5947,1
DA:5948,1
DA:5949,1
DA:5950,1
DA:5951,1
DA:5953,1
DA:5954,1
DA:5955,1
DA:5956,1
DA:5957,1
DA:5958,1
DA:5959,1
DA:5960,1
DA:5962,1
DA:5963,1
DA:5964,1
DA:5965,1
DA:5966,1
DA:5967,1
DA:5968,1
DA:5969,1
DA:5971,1
DA:5972,1
DA:5973,1
DA:5974,1
DA:5975,1
DA:5976,1
DA:5977,1
DA:5978,1
DA:5980,1
DA:5981,1
DA:5982,1
DA:5983,1
DA:5984,1
DA:5985,1
DA:5986,1
DA:5987,1
DA:5989,1
DA:5990,1
DA:5991,1
DA:5992,1
DA:5993,1
DA:5994,1
DA:5995,1
DA:5997,1
DA:5998,1
DA:5999,1
DA:6000,1
DA:6001,1
DA:6002,1
DA:6003,1
DA:6004,1
DA:6006,1
DA:6007,1
DA:6008,1
DA:6009,1
DA:6010,1
DA:6011,1
DA:6012,1
DA:6014,1
DA:6015,1
DA:6016,1
DA:6017,1
DA:6018,1
DA:6019,1
DA:6021,1
DA:6022,1
DA:6023,1
DA:6024,1
DA:6025,1
DA:6026,1
DA:6027,1
DA:6029,1
DA:6030,1
DA:6031,1
DA:6032,1
DA:6033,1
DA:6034,1
DA:6036,1
DA:6037,1
DA:6038,1
DA:6039,1
DA:6040,1
DA:6041,1
DA:6042,1
DA:6044,1
DA:6045,1
DA:6046,1
DA:6047,1
DA:6048,1
DA:6049,1
DA:6050,1
DA:6052,1
DA:6053,1
DA:6054,1
DA:6055,1
DA:6056,1
DA:6057,1
DA:6058,1
DA:6060,1
DA:6061,1
DA:6062,1
DA:6063,1
DA:6064,1
DA:6065,1
DA:6066,1
DA:6068,1
DA:6069,1
DA:6070,1
DA:6071,1
DA:6072,1
DA:6073,1
DA:6074,1
DA:6076,1
DA:6077,1
DA:6078,1
DA:6079,1
DA:6080,1
DA:6081,1
DA:6082,1
DA:6083,1
DA:6084,1
DA:6085,1
DA:6086,1
DA:6087,1
DA:6088,1
DA:6089,1
DA:6090,1
DA:6091,1
DA:6092,1
DA:6093,1
DA:6094,1
DA:6095,1
DA:6096,1
DA:6097,1
DA:6098,1
DA:6099,1
DA:6100,1
DA:6101,1
DA:6102,1
DA:6103,1
DA:6104,1
DA:6105,1
DA:6107,1
DA:6108,1
DA:6109,1
DA:6110,1
DA:6111,1
DA:6112,1
DA:6113,1
DA:6114,1
DA:6115,1
DA:6116,1
DA:6117,1
DA:6118,1
DA:6119,1
DA:6120,1
DA:6121,1
DA:6122,1
DA:6123,1
DA:6124,1
DA:6125,1
DA:6126,1
DA:6127,1
DA:6128,1
DA:6129,1
DA:6130,1
DA:6131,1
DA:6132,1
DA:6133,1
DA:6134,1
DA:6135,1
DA:6136,1
DA:6137,1
DA:6138,1
DA:6139,1
DA:6140,1
DA:6141,1
DA:6142,1
DA:6143,1
DA:6144,1
DA:6145,1
DA:6146,1
DA:6147,1
DA:6148,1
DA:6149,1
DA:6150,1
DA:6151,1
DA:6152,1
DA:6153,1
DA:6154,1
DA:6155,1
DA:6156,1
DA:6157,1
DA:6158,1
DA:6159,1
DA:6160,1
DA:6161,1
DA:6163,1
DA:6164,1
DA:6165,1
DA:6166,1
DA:6167,1
DA:6168,1
DA:6172,1
DA:6173,1
DA:6174,1
DA:6176,1
DA:6177,1
DA:6178,1
DA:6179,1
DA:6180,1
DA:6181,1
DA:6182,1
DA:6183,1
DA:6184,1
DA:6185,1
DA:6186,1
DA:6187,1
DA:6188,1
DA:6189,1
DA:6191,1
DA:6192,1
DA:6193,1
DA:6194,1
DA:6195,1
DA:6197,1
DA:6198,1
DA:6199,1
DA:6200,1
DA:6202,1
DA:6203,1
DA:6204,1
DA:6205,1
DA:6206,1
DA:6207,1
DA:6208,1
DA:6209,1
DA:6210,1
DA:6211,1
DA:6212,1
DA:6213,1
DA:6214,1
DA:6215,1
DA:6216,1
DA:6217,1
DA:6219,1
LF:4786
LH:4786
end_of_record
TN:__s21_program_test_with_gcov
SF:/Users/valerasomov/PROGRAMMING/school21/01_С/C2_s21_stringplus-3/src/s21_tests_string.c
FN:9,39,main
FNDA:1,main
FNF:1
FNH:1
DA:9,1
DA:10,1
DA:12,22
DA:13,3
DA:14,3
DA:15,3
DA:16,3
DA:17,3
DA:18,3
DA:19,3
DA:21,1
DA:22,1
DA:24,22
DA:25,21
DA:26,21
DA:27,21
DA:29,21
DA:31,21
DA:33,21
DA:34,21
DA:35,21
DA:37,1
DA:38,1
DA:39,1
LF:24
LH:24
end_of_record
